./a.out ap.txt 1
Inicio
Encontrando os caminhos com 7 threads
Encontrando os aneis com algoritmo 2 linear(10)
 tempo_encontra_anel_aux 0.004884
 tempo_encontra_anel 0.005295
 tempo_verifica_anel 0.004225
 tempo_procura_caminhos 0.023746
 tempo_copia_caminhos 0.002986
 tempo_sao_disjuntos 0.003275
Numero de aneis encontrados: 78
Algoritmo 2 Linear, Tempo: 0.507s

Encontrando os aneis com algoritmo 1 linear
Numero de aneis: 78
Algoritmo 1 Linear Com cores, Tempo: 0.612s

Encontrando os aneis com algoritmo 1 linear
Numero de aneis: 78
Algoritmo 1 Linear Sem Cores, Tempo: 0.488s

Encontrando os caminhos com 7 threads
Encontrando os aneis com algoritmo 3 (10threads)
Numero de aneis encontrados: 78
Algoritmo 3 Paralelo, Tempo: 0.577s

Encontrando os aneis com algoritmo 2 paralelo
Encontrando os caminhos com 20 threads
Numero de aneis encontrados: 78
Algoritmo 2 Paralelo, Tempo: 0.734s

Encontrando os aneis com algoritmo 1 paralelo
Numero de aneis encontrados: 78
Algoritmo 1 Paralelo, Tempo: 0.672s

Terminou!
Time difference = 3[s]
./a.out ap.txt 2
Inicio
Encontrando os caminhos com 7 threads
Encontrando os aneis com algoritmo 2 linear(24)
 tempo_encontra_anel_aux 0.544312
 tempo_encontra_anel 0.168844
 tempo_verifica_anel 0.04701
 tempo_procura_caminhos 0.042653
 tempo_copia_caminhos 0.116517
 tempo_sao_disjuntos 0.130603
Numero de aneis encontrados: 1885
Algoritmo 2 Linear, Tempo: 1.676s

Encontrando os aneis com algoritmo 1 linear
Numero de aneis: 1885
Algoritmo 1 Linear Com cores, Tempo: 1.27s

Encontrando os aneis com algoritmo 1 linear
Numero de aneis: 1885
Algoritmo 1 Linear Sem Cores, Tempo: 2.368s

Encontrando os caminhos com 7 threads
Encontrando os aneis com algoritmo 3 (24threads)
Numero de aneis encontrados: 1885
Algoritmo 3 Paralelo, Tempo: 14.964s

Encontrando os aneis com algoritmo 2 paralelo
Encontrando os caminhos com 20 threads
Numero de aneis encontrados: 1885
Algoritmo 2 Paralelo, Tempo: 1.406s

Encontrando os aneis com algoritmo 1 paralelo
Numero de aneis encontrados: 1885
Algoritmo 1 Paralelo, Tempo: 0.906s

Terminou!
Time difference = 22[s]
./a.out Arara4MaqPar.txt 1
Inicio
Encontrando os caminhos com 4 threads
Encontrando os aneis com algoritmo 2 linear(6)
 tempo_encontra_anel_aux 0.002692
 tempo_encontra_anel 0.009061
 tempo_verifica_anel 0.007159
 tempo_procura_caminhos 0.005677
 tempo_copia_caminhos 0.001868
 tempo_sao_disjuntos 0.002857
Numero de aneis encontrados: 520
Algoritmo 2 Linear, Tempo: 0.093s

Encontrando os aneis com algoritmo 1 linear
Numero de aneis: 520
Algoritmo 1 Linear Com cores, Tempo: 0.103s

Encontrando os aneis com algoritmo 1 linear
Numero de aneis: 520
Algoritmo 1 Linear Sem Cores, Tempo: 0.182s

Encontrando os caminhos com 4 threads
Encontrando os aneis com algoritmo 3 (6threads)
Numero de aneis encontrados: 520
Algoritmo 3 Paralelo, Tempo: 0.116s

Encontrando os aneis com algoritmo 2 paralelo
Encontrando os caminhos com 20 threads
Numero de aneis encontrados: 520
Algoritmo 2 Paralelo, Tempo: 0.144s

Encontrando os aneis com algoritmo 1 paralelo
Numero de aneis encontrados: 520
Algoritmo 1 Paralelo, Tempo: 0.14s

Terminou!
Time difference = 0[s]
./a.out Arara4MaqPar.txt 2
Inicio
Encontrando os caminhos com 4 threads
Encontrando os aneis com algoritmo 2 linear(6)
 tempo_encontra_anel_aux 0.123157
 tempo_encontra_anel 3.36496
 tempo_verifica_anel 2.54801
 tempo_procura_caminhos 0.011723
 tempo_copia_caminhos 0.022832
 tempo_sao_disjuntos 0.352209
Numero de aneis encontrados: 110590
Algoritmo 2 Linear, Tempo: 3.668s

Encontrando os aneis com algoritmo 1 linear
Numero de aneis: 110590
Algoritmo 1 Linear Com cores, Tempo: 4.031s

Encontrando os aneis com algoritmo 1 linear
Numero de aneis: 110590
Algoritmo 1 Linear Sem Cores, Tempo: 16.989s

Encontrando os caminhos com 4 threads
Encontrando os aneis com algoritmo 3 (6threads)
Numero de aneis encontrados: 110590
Algoritmo 3 Paralelo, Tempo: 3.613s

Encontrando os aneis com algoritmo 2 paralelo
Encontrando os caminhos com 20 threads
Numero de aneis encontrados: 110590
Algoritmo 2 Paralelo, Tempo: 1.05s

Encontrando os aneis com algoritmo 1 paralelo
Numero de aneis encontrados: 110590
Algoritmo 1 Paralelo, Tempo: 1.036s

Terminou!
Time difference = 30[s]
./a.out chacobo_fem.txt 1
Inicio
Encontrando os caminhos com 8 threads
Encontrando os aneis com algoritmo 2 linear(14)
 tempo_encontra_anel_aux 0.008635
 tempo_encontra_anel 0.048226
 tempo_verifica_anel 0.037246
 tempo_procura_caminhos 0.063695
 tempo_copia_caminhos 0.003013
 tempo_sao_disjuntos 0.009345
Numero de aneis encontrados: 1614
Algoritmo 2 Linear, Tempo: 3.82s

Encontrando os aneis com algoritmo 1 linear
Numero de aneis: 1614
Algoritmo 1 Linear Com cores, Tempo: 6.227s

Encontrando os aneis com algoritmo 1 linear
Numero de aneis: 1614
Algoritmo 1 Linear Sem Cores, Tempo: 7.118s

Encontrando os caminhos com 8 threads
Encontrando os aneis com algoritmo 3 (14threads)
Numero de aneis encontrados: 1614
Algoritmo 3 Paralelo, Tempo: 5.639s

Encontrando os aneis com algoritmo 2 paralelo
Encontrando os caminhos com 20 threads
Numero de aneis encontrados: 1614
Algoritmo 2 Paralelo, Tempo: 5.93s

Encontrando os aneis com algoritmo 1 paralelo
Numero de aneis encontrados: 1614
Algoritmo 1 Paralelo, Tempo: 5.675s

Terminou!
Time difference = 34[s]
./a.out chacobo_fem.txt 2
Inicio
Encontrando os caminhos com 8 threads
Encontrando os aneis com algoritmo 2 linear(28)
 tempo_encontra_anel_aux 1.79469
 tempo_encontra_anel 63.0304
 tempo_verifica_anel 51.6302
 tempo_procura_caminhos 0.137702
 tempo_copia_caminhos 0.318119
 tempo_sao_disjuntos 6.34014
Numero de aneis encontrados: 1780276
Algoritmo 2 Linear, Tempo: 69.732s

Encontrando os aneis com algoritmo 1 linear
Numero de aneis: 1780276
Algoritmo 1 Linear Com cores, Tempo: 82.459s

Encontrando os aneis com algoritmo 1 linear
Numero de aneis: 1780276
Algoritmo 1 Linear Sem Cores, Tempo: 624.183s

Encontrando os caminhos com 8 threads
Encontrando os aneis com algoritmo 3 (28threads)
Numero de aneis encontrados: 1780276
Algoritmo 3 Paralelo, Tempo: 58.926s

Encontrando os aneis com algoritmo 2 paralelo
Encontrando os caminhos com 20 threads
Numero de aneis encontrados: 1780276
Algoritmo 2 Paralelo, Tempo: 22.343s

Encontrando os aneis com algoritmo 1 paralelo
Numero de aneis encontrados: 1780276
Algoritmo 1 Paralelo, Tempo: 22.429s

Terminou!
Time difference = 883[s]
./a.out chacobo_mas.txt 1
Inicio
Encontrando os caminhos com 8 threads
Encontrando os aneis com algoritmo 2 linear(14)
 tempo_encontra_anel_aux 0.009625
 tempo_encontra_anel 0.050176
 tempo_verifica_anel 0.03895
 tempo_procura_caminhos 0.065395
 tempo_copia_caminhos 0.003774
 tempo_sao_disjuntos 0.010248
Numero de aneis encontrados: 1614
Algoritmo 2 Linear, Tempo: 3.824s

Encontrando os aneis com algoritmo 1 linear
Numero de aneis: 1614
Algoritmo 1 Linear Com cores, Tempo: 5.51s

Encontrando os aneis com algoritmo 1 linear
Numero de aneis: 1614
Algoritmo 1 Linear Sem Cores, Tempo: 6.314s

Encontrando os caminhos com 8 threads
Encontrando os aneis com algoritmo 3 (14threads)
Numero de aneis encontrados: 1614
Algoritmo 3 Paralelo, Tempo: 5.638s

Encontrando os aneis com algoritmo 2 paralelo
Encontrando os caminhos com 20 threads
Numero de aneis encontrados: 1614
Algoritmo 2 Paralelo, Tempo: 6.208s

Encontrando os aneis com algoritmo 1 paralelo
Numero de aneis encontrados: 1614
Algoritmo 1 Paralelo, Tempo: 5.642s

Terminou!
Time difference = 33[s]
./a.out chacobo_mas.txt 2
Inicio
Encontrando os caminhos com 8 threads
Encontrando os aneis com algoritmo 2 linear(28)
 tempo_encontra_anel_aux 1.79714
 tempo_encontra_anel 62.775
 tempo_verifica_anel 51.3831
 tempo_procura_caminhos 0.133209
 tempo_copia_caminhos 0.318109
 tempo_sao_disjuntos 6.33639
Numero de aneis encontrados: 1780276
Algoritmo 2 Linear, Tempo: 69.466s

Encontrando os aneis com algoritmo 1 linear
Numero de aneis: 1780276
Algoritmo 1 Linear Com cores, Tempo: 82.007s

Encontrando os aneis com algoritmo 1 linear
Numero de aneis: 1780276
Algoritmo 1 Linear Sem Cores, Tempo: 625.173s

Encontrando os caminhos com 8 threads
Encontrando os aneis com algoritmo 3 (28threads)
Numero de aneis encontrados: 1780276
Algoritmo 3 Paralelo, Tempo: 60.163s

Encontrando os aneis com algoritmo 2 paralelo
Encontrando os caminhos com 20 threads
Numero de aneis encontrados: 1780276
Algoritmo 2 Paralelo, Tempo: 21.341s

Encontrando os aneis com algoritmo 1 paralelo
Numero de aneis encontrados: 1780276
Algoritmo 1 Paralelo, Tempo: 22.159s

Terminou!
Time difference = 883[s]
./a.out deni.txt 1
Inicio
Encontrando os caminhos com 7 threads
Encontrando os aneis com algoritmo 2 linear(12)
 tempo_encontra_anel_aux 0.007707
 tempo_encontra_anel 0.030944
 tempo_verifica_anel 0.023794
 tempo_procura_caminhos 0.029069
 tempo_copia_caminhos 0.003533
 tempo_sao_disjuntos 0.007322
Numero de aneis encontrados: 918
Algoritmo 2 Linear, Tempo: 0.476s

Encontrando os aneis com algoritmo 1 linear
Numero de aneis: 918
Algoritmo 1 Linear Com cores, Tempo: 0.447s

Encontrando os aneis com algoritmo 1 linear
Numero de aneis: 918
Algoritmo 1 Linear Sem Cores, Tempo: 0.744s

Encontrando os caminhos com 7 threads
Encontrando os aneis com algoritmo 3 (12threads)
Numero de aneis encontrados: 918
Algoritmo 3 Paralelo, Tempo: 0.559s

Encontrando os aneis com algoritmo 2 paralelo
Encontrando os caminhos com 20 threads
Numero de aneis encontrados: 918
Algoritmo 2 Paralelo, Tempo: 0.531s

Encontrando os aneis com algoritmo 1 paralelo
Numero de aneis encontrados: 918
Algoritmo 1 Paralelo, Tempo: 0.433s

Terminou!
Time difference = 3[s]
./a.out deni.txt 2
Inicio
Encontrando os caminhos com 7 threads
Encontrando os aneis com algoritmo 2 linear(24)
 tempo_encontra_anel_aux 0.977244
 tempo_encontra_anel 12.1614
 tempo_verifica_anel 8.86792
 tempo_procura_caminhos 0.055659
 tempo_copia_caminhos 0.191604
 tempo_sao_disjuntos 1.50977
Numero de aneis encontrados: 320155
Algoritmo 2 Linear, Tempo: 14.266s

Encontrando os aneis com algoritmo 1 linear
Numero de aneis: 320155
Algoritmo 1 Linear Com cores, Tempo: 16.064s

Encontrando os aneis com algoritmo 1 linear
Numero de aneis: 320155
Algoritmo 1 Linear Sem Cores, Tempo: 139.114s

Encontrando os caminhos com 7 threads
Encontrando os aneis com algoritmo 3 (24threads)
Numero de aneis encontrados: 320155
Algoritmo 3 Paralelo, Tempo: 22.669s

Encontrando os aneis com algoritmo 2 paralelo
Encontrando os caminhos com 20 threads
Numero de aneis encontrados: 320155
Algoritmo 2 Paralelo, Tempo: 4.501s

Encontrando os aneis com algoritmo 1 paralelo
Numero de aneis encontrados: 320155
Algoritmo 1 Paralelo, Tempo: 4.838s

Terminou!
Time difference = 201[s]
./a.out EN4MaqPar.txt 1
Inicio
Encontrando os caminhos com 6 threads
Encontrando os aneis com algoritmo 2 linear(8)
 tempo_encontra_anel_aux 0.004073
 tempo_encontra_anel 0.003602
 tempo_verifica_anel 0.003125
 tempo_procura_caminhos 0.008838
 tempo_copia_caminhos 0.002946
 tempo_sao_disjuntos 0.00303
Numero de aneis encontrados: 16
Algoritmo 2 Linear, Tempo: 0.251s

Encontrando os aneis com algoritmo 1 linear
Numero de aneis: 16
Algoritmo 1 Linear Com cores, Tempo: 0.265s

Encontrando os aneis com algoritmo 1 linear
Numero de aneis: 16
Algoritmo 1 Linear Sem Cores, Tempo: 0.214s

Encontrando os caminhos com 6 threads
Encontrando os aneis com algoritmo 3 (8threads)
Numero de aneis encontrados: 16
Algoritmo 3 Paralelo, Tempo: 0.251s

Encontrando os aneis com algoritmo 2 paralelo
Encontrando os caminhos com 20 threads
Numero de aneis encontrados: 16
Algoritmo 2 Paralelo, Tempo: 0.332s

Encontrando os aneis com algoritmo 1 paralelo
Numero de aneis encontrados: 16
Algoritmo 1 Paralelo, Tempo: 0.339s

Terminou!
Time difference = 1[s]
./a.out EN4MaqPar.txt 2
Inicio
Encontrando os caminhos com 6 threads
Encontrando os aneis com algoritmo 2 linear(24)
 tempo_encontra_anel_aux 0.233272
 tempo_encontra_anel 0.147276
 tempo_verifica_anel 0.081294
 tempo_procura_caminhos 0.02291
 tempo_copia_caminhos 0.051055
 tempo_sao_disjuntos 0.068271
Numero de aneis encontrados: 2539
Algoritmo 2 Linear, Tempo: 0.856s

Encontrando os aneis com algoritmo 1 linear
Numero de aneis: 2539
Algoritmo 1 Linear Com cores, Tempo: 0.617s

Encontrando os aneis com algoritmo 1 linear
Numero de aneis: 2539
Algoritmo 1 Linear Sem Cores, Tempo: 1.757s

Encontrando os caminhos com 6 threads
Encontrando os aneis com algoritmo 3 (24threads)
Numero de aneis encontrados: 2539
Algoritmo 3 Paralelo, Tempo: 5.288s

Encontrando os aneis com algoritmo 2 paralelo
Encontrando os caminhos com 20 threads
Numero de aneis encontrados: 2539
Algoritmo 2 Paralelo, Tempo: 0.527s

Encontrando os aneis com algoritmo 1 paralelo
Numero de aneis encontrados: 2539
Algoritmo 1 Paralelo, Tempo: 0.453s

Terminou!
Time difference = 9[s]
./a.out im.txt 1
Inicio
Encontrando os caminhos com 6 threads
Encontrando os aneis com algoritmo 2 linear(10)
 tempo_encontra_anel_aux 0.003727
 tempo_encontra_anel 0.005096
 tempo_verifica_anel 0.004302
 tempo_procura_caminhos 0.007763
 tempo_copia_caminhos 0.002804
 tempo_sao_disjuntos 0.00309
Numero de aneis encontrados: 120
Algoritmo 2 Linear, Tempo: 0.186s

Encontrando os aneis com algoritmo 1 linear
Numero de aneis: 120
Algoritmo 1 Linear Com cores, Tempo: 0.187s

Encontrando os aneis com algoritmo 1 linear
Numero de aneis: 120
Algoritmo 1 Linear Sem Cores, Tempo: 0.176s

Encontrando os caminhos com 6 threads
Encontrando os aneis com algoritmo 3 (10threads)
Numero de aneis encontrados: 120
Algoritmo 3 Paralelo, Tempo: 0.194s

Encontrando os aneis com algoritmo 2 paralelo
Encontrando os caminhos com 20 threads
Numero de aneis encontrados: 120
Algoritmo 2 Paralelo, Tempo: 0.302s

Encontrando os aneis com algoritmo 1 paralelo
Numero de aneis encontrados: 120
Algoritmo 1 Paralelo, Tempo: 0.247s

Terminou!
Time difference = 1[s]
./a.out im.txt 2
Inicio
Encontrando os caminhos com 6 threads
Encontrando os aneis com algoritmo 2 linear(24)
 tempo_encontra_anel_aux 0.192612
 tempo_encontra_anel 0.262348
 tempo_verifica_anel 0.172575
 tempo_procura_caminhos 0.022639
 tempo_copia_caminhos 0.041843
 tempo_sao_disjuntos 0.074771
Numero de aneis encontrados: 6390
Algoritmo 2 Linear, Tempo: 0.823s

Encontrando os aneis com algoritmo 1 linear
Numero de aneis: 6390
Algoritmo 1 Linear Com cores, Tempo: 0.738s

Encontrando os aneis com algoritmo 1 linear
Numero de aneis: 6390
Algoritmo 1 Linear Sem Cores, Tempo: 3.973s

Encontrando os caminhos com 6 threads
Encontrando os aneis com algoritmo 3 (24threads)
Numero de aneis encontrados: 6390
Algoritmo 3 Paralelo, Tempo: 5.412s

Encontrando os aneis com algoritmo 2 paralelo
Encontrando os caminhos com 20 threads
Numero de aneis encontrados: 6390
Algoritmo 2 Paralelo, Tempo: 0.581s

Encontrando os aneis com algoritmo 1 paralelo
Numero de aneis encontrados: 6390
Algoritmo 1 Paralelo, Tempo: 0.476s

Terminou!
Time difference = 12[s]
./a.out kraho.txt 1
Inicio
Encontrando os caminhos com 7 threads
Encontrando os aneis com algoritmo 2 linear(12)
 tempo_encontra_anel_aux 0.006287
 tempo_encontra_anel 0.026395
 tempo_verifica_anel 0.020489
 tempo_procura_caminhos 0.050596
 tempo_copia_caminhos 0.002135
 tempo_sao_disjuntos 0.005621
Numero de aneis encontrados: 812
Algoritmo 2 Linear, Tempo: 0.941s

Encontrando os aneis com algoritmo 1 linear
Numero de aneis: 812
Algoritmo 1 Linear Com cores, Tempo: 1.251s

Encontrando os aneis com algoritmo 1 linear
Numero de aneis: 812
Algoritmo 1 Linear Sem Cores, Tempo: 1.869s

Encontrando os caminhos com 7 threads
Encontrando os aneis com algoritmo 3 (12threads)
Numero de aneis encontrados: 812
Algoritmo 3 Paralelo, Tempo: 1.426s

Encontrando os aneis com algoritmo 2 paralelo
Encontrando os caminhos com 20 threads
Numero de aneis encontrados: 812
Algoritmo 2 Paralelo, Tempo: 1.69s

Encontrando os aneis com algoritmo 1 paralelo
Numero de aneis encontrados: 812
Algoritmo 1 Paralelo, Tempo: 1.323s

Terminou!
Time difference = 8[s]
./a.out kraho.txt 2
Inicio
Encontrando os caminhos com 7 threads
Encontrando os aneis com algoritmo 2 linear(24)
 tempo_encontra_anel_aux 1.29163
 tempo_encontra_anel 17.6761
 tempo_verifica_anel 13.7632
 tempo_procura_caminhos 0.12003
 tempo_copia_caminhos 0.268399
 tempo_sao_disjuntos 2.03759
Numero de aneis encontrados: 353542
Algoritmo 2 Linear, Tempo: 21.032s

Encontrando os aneis com algoritmo 1 linear
Numero de aneis: 353542
Algoritmo 1 Linear Com cores, Tempo: 23.576s

Encontrando os aneis com algoritmo 1 linear
Numero de aneis: 353542
Algoritmo 1 Linear Sem Cores, Tempo: 185.462s

Encontrando os caminhos com 7 threads
Encontrando os aneis com algoritmo 3 (24threads)
Numero de aneis encontrados: 353542
Algoritmo 3 Paralelo, Tempo: 35.058s

Encontrando os aneis com algoritmo 2 paralelo
Encontrando os caminhos com 20 threads
Numero de aneis encontrados: 353542
Algoritmo 2 Paralelo, Tempo: 6.584s

Encontrando os aneis com algoritmo 1 paralelo
Numero de aneis encontrados: 353542
Algoritmo 1 Paralelo, Tempo: 6.468s

Terminou!
Time difference = 278[s]
./a.out marcapata.txt 1
Inicio
Encontrando os caminhos com 6 threads
Encontrando os aneis com algoritmo 2 linear(8)
 tempo_encontra_anel_aux 0.011872
 tempo_encontra_anel 0.005777
 tempo_verifica_anel 0.003227
 tempo_procura_caminhos 0.126986
 tempo_copia_caminhos 0.004359
 tempo_sao_disjuntos 0.004494
Numero de aneis encontrados: 30
Algoritmo 2 Linear, Tempo: 3.053s

Encontrando os aneis com algoritmo 1 linear
Numero de aneis: 30
Algoritmo 1 Linear Com cores, Tempo: 3.455s

Encontrando os aneis com algoritmo 1 linear
Numero de aneis: 30
Algoritmo 1 Linear Sem Cores, Tempo: 3.257s

Encontrando os caminhos com 6 threads
Encontrando os aneis com algoritmo 3 (8threads)
Numero de aneis encontrados: 30
Algoritmo 3 Paralelo, Tempo: 3.458s

Encontrando os aneis com algoritmo 2 paralelo
Encontrando os caminhos com 20 threads
Numero de aneis encontrados: 30
Algoritmo 2 Paralelo, Tempo: 3.398s

Encontrando os aneis com algoritmo 1 paralelo
Numero de aneis encontrados: 30
Algoritmo 1 Paralelo, Tempo: 3.162s

Terminou!
Time difference = 19[s]
./a.out marcapata.txt 2
Inicio
Encontrando os caminhos com 6 threads
Encontrando os aneis com algoritmo 2 linear(20)
 tempo_encontra_anel_aux 12.4612
 tempo_encontra_anel 2.37995
 tempo_verifica_anel 0.045032
 tempo_procura_caminhos 0.191952
 tempo_copia_caminhos 2.64942
 tempo_sao_disjuntos 2.69268
Numero de aneis encontrados: 2118
Algoritmo 2 Linear, Tempo: 28.937s

Encontrando os aneis com algoritmo 1 linear
Numero de aneis: 2118
Algoritmo 1 Linear Com cores, Tempo: 21.054s

Encontrando os aneis com algoritmo 1 linear
Numero de aneis: 2118
Algoritmo 1 Linear Sem Cores, Tempo: 22.439s

Encontrando os caminhos com 6 threads
Encontrando os aneis com algoritmo 3 (20threads)
Numero de aneis encontrados: 2118
Algoritmo 3 Paralelo, Tempo: 343.335s

Encontrando os aneis com algoritmo 2 paralelo
Encontrando os caminhos com 20 threads
Numero de aneis encontrados: 2118
Algoritmo 2 Paralelo, Tempo: 34.168s

Encontrando os aneis com algoritmo 1 paralelo
Numero de aneis encontrados: 2118
Algoritmo 1 Paralelo, Tempo: 21.347s

Terminou!
Time difference = 471[s]
./a.out mbya.txt 1
Inicio
Encontrando os caminhos com 6 threads
Encontrando os aneis com algoritmo 2 linear(8)
 tempo_encontra_anel_aux 0.006445
 tempo_encontra_anel 0.004275
 tempo_verifica_anel 0.003186
 tempo_procura_caminhos 0.039615
 tempo_copia_caminhos 0.003481
 tempo_sao_disjuntos 0.003535
Numero de aneis encontrados: 19
Algoritmo 2 Linear, Tempo: 0.895s

Encontrando os aneis com algoritmo 1 linear
Numero de aneis: 19
Algoritmo 1 Linear Com cores, Tempo: 1.087s

Encontrando os aneis com algoritmo 1 linear
Numero de aneis: 19
Algoritmo 1 Linear Sem Cores, Tempo: 0.988s

Encontrando os caminhos com 6 threads
Encontrando os aneis com algoritmo 3 (8threads)
Numero de aneis encontrados: 19
Algoritmo 3 Paralelo, Tempo: 1.056s

Encontrando os aneis com algoritmo 2 paralelo
Encontrando os caminhos com 20 threads
Numero de aneis encontrados: 19
Algoritmo 2 Paralelo, Tempo: 1.198s

Encontrando os aneis com algoritmo 1 paralelo
Numero de aneis encontrados: 19
Algoritmo 1 Paralelo, Tempo: 1.133s

Terminou!
Time difference = 6[s]
./a.out mbya.txt 2
Inicio
Encontrando os caminhos com 6 threads
Encontrando os aneis com algoritmo 2 linear(20)
 tempo_encontra_anel_aux 1.60922
 tempo_encontra_anel 0.329258
 tempo_verifica_anel 0.017986
 tempo_procura_caminhos 0.068136
 tempo_copia_caminhos 0.340048
 tempo_sao_disjuntos 0.353635
Numero de aneis encontrados: 620
Algoritmo 2 Linear, Tempo: 4.336s

Encontrando os aneis com algoritmo 1 linear
Numero de aneis: 620
Algoritmo 1 Linear Com cores, Tempo: 3.158s

Encontrando os aneis com algoritmo 1 linear
Numero de aneis: 620
Algoritmo 1 Linear Sem Cores, Tempo: 4.725s

Encontrando os caminhos com 6 threads
Encontrando os aneis com algoritmo 3 (20threads)
Numero de aneis encontrados: 620
Algoritmo 3 Paralelo, Tempo: 41.508s

Encontrando os aneis com algoritmo 2 paralelo
Encontrando os caminhos com 20 threads
Numero de aneis encontrados: 620
Algoritmo 2 Paralelo, Tempo: 4.404s

Encontrando os aneis com algoritmo 1 paralelo
Numero de aneis encontrados: 620
Algoritmo 1 Paralelo, Tempo: 2.788s

Terminou!
Time difference = 60[s]
./a.out xv.txt 1
Inicio
Encontrando os caminhos com 4 threads
Encontrando os aneis com algoritmo 2 linear(8)
 tempo_encontra_anel_aux 0.002624
 tempo_encontra_anel 0.002794
 tempo_verifica_anel 0.00232
 tempo_procura_caminhos 0.004346
 tempo_copia_caminhos 0.001806
 tempo_sao_disjuntos 0.001923
Numero de aneis encontrados: 56
Algoritmo 2 Linear, Tempo: 0.073s

Encontrando os aneis com algoritmo 1 linear
Numero de aneis: 56
Algoritmo 1 Linear Com cores, Tempo: 0.064s

Encontrando os aneis com algoritmo 1 linear
Numero de aneis: 56
Algoritmo 1 Linear Sem Cores, Tempo: 0.067s

Encontrando os caminhos com 4 threads
Encontrando os aneis com algoritmo 3 (8threads)
Numero de aneis encontrados: 56
Algoritmo 3 Paralelo, Tempo: 0.076s

Encontrando os aneis com algoritmo 2 paralelo
Encontrando os caminhos com 20 threads
Numero de aneis encontrados: 56
Algoritmo 2 Paralelo, Tempo: 0.075s

Encontrando os aneis com algoritmo 1 paralelo
Numero de aneis encontrados: 56
Algoritmo 1 Paralelo, Tempo: 0.092s

Terminou!
Time difference = 0[s]
./a.out xv.txt 2
Inicio
Encontrando os caminhos com 4 threads
Encontrando os aneis com algoritmo 2 linear(16)
 tempo_encontra_anel_aux 0.435833
 tempo_encontra_anel 0.319748
 tempo_verifica_anel 0.183308
 tempo_procura_caminhos 0.012507
 tempo_copia_caminhos 0.092454
 tempo_sao_disjuntos 0.135175
Numero de aneis encontrados: 7455
Algoritmo 2 Linear, Tempo: 1.221s

Encontrando os aneis com algoritmo 1 linear
Numero de aneis: 7455
Algoritmo 1 Linear Com cores, Tempo: 1.157s

Encontrando os aneis com algoritmo 1 linear
Numero de aneis: 7455
Algoritmo 1 Linear Sem Cores, Tempo: 2.663s

Encontrando os caminhos com 4 threads
Encontrando os aneis com algoritmo 3 (16threads)
Numero de aneis encontrados: 7455
Algoritmo 3 Paralelo, Tempo: 6.765s

Encontrando os aneis com algoritmo 2 paralelo
Encontrando os caminhos com 20 threads
Numero de aneis encontrados: 7455
Algoritmo 2 Paralelo, Tempo: 0.8s

Encontrando os aneis com algoritmo 1 paralelo
Numero de aneis encontrados: 7455
Algoritmo 1 Paralelo, Tempo: 0.582s

Terminou!
Time difference = 13[s]
./a.out zo.txt 1
Inicio
Encontrando os caminhos com 7 threads
Encontrando os aneis com algoritmo 2 linear(10)
 tempo_encontra_anel_aux 0.004378
 tempo_encontra_anel 0.004798
 tempo_verifica_anel 0.004031
 tempo_procura_caminhos 0.010587
 tempo_copia_caminhos 0.003081
 tempo_sao_disjuntos 0.003297
Numero de aneis encontrados: 57
Algoritmo 2 Linear, Tempo: 0.256s

Encontrando os aneis com algoritmo 1 linear
Numero de aneis: 57
Algoritmo 1 Linear Com cores, Tempo: 0.309s

Encontrando os aneis com algoritmo 1 linear
Numero de aneis: 57
Algoritmo 1 Linear Sem Cores, Tempo: 0.322s

Encontrando os caminhos com 7 threads
Encontrando os aneis com algoritmo 3 (10threads)
Numero de aneis encontrados: 57
Algoritmo 3 Paralelo, Tempo: 0.295s

Encontrando os aneis com algoritmo 2 paralelo
Encontrando os caminhos com 20 threads
Numero de aneis encontrados: 57
Algoritmo 2 Paralelo, Tempo: 0.372s

Encontrando os aneis com algoritmo 1 paralelo
Numero de aneis encontrados: 57
Algoritmo 1 Paralelo, Tempo: 0.348s

Terminou!
Time difference = 1[s]
./a.out zo.txt 2
Inicio
Encontrando os caminhos com 7 threads
Encontrando os aneis com algoritmo 2 linear(24)
 tempo_encontra_anel_aux 0.324607
 tempo_encontra_anel 0.186647
 tempo_verifica_anel 0.096144
 tempo_procura_caminhos 0.023295
 tempo_copia_caminhos 0.069897
 tempo_sao_disjuntos 0.094893
Numero de aneis encontrados: 2976
Algoritmo 2 Linear, Tempo: 1.021s

Encontrando os aneis com algoritmo 1 linear
Numero de aneis: 2976
Algoritmo 1 Linear Com cores, Tempo: 0.741s

Encontrando os aneis com algoritmo 1 linear
Numero de aneis: 2976
Algoritmo 1 Linear Sem Cores, Tempo: 3.651s

Encontrando os caminhos com 7 threads
Encontrando os aneis com algoritmo 3 (24threads)
Numero de aneis encontrados: 2976
Algoritmo 3 Paralelo, Tempo: 7.043s

Encontrando os aneis com algoritmo 2 paralelo
Encontrando os caminhos com 20 threads
Numero de aneis encontrados: 2976
Algoritmo 2 Paralelo, Tempo: 0.689s

Encontrando os aneis com algoritmo 1 paralelo
Numero de aneis encontrados: 2976
Algoritmo 1 Paralelo, Tempo: 0.645s

Terminou!
Time difference = 13[s]


*************************


./a.out ap.txt 1
Inicio
Encontrando os caminhos com 7 threads
Encontrando os aneis com algoritmo 2 linear(10)
 tempo_encontra_anel_aux 0.005386
 tempo_encontra_anel 0.005776
 tempo_verifica_anel 0.004679
 tempo_procura_caminhos 0.024941
 tempo_copia_caminhos 0.003461
 tempo_sao_disjuntos 0.003748
Numero de aneis encontrados: 78
Algoritmo 2 Linear, Tempo: 0.522s

Encontrando os aneis com algoritmo 1 linear
Numero de aneis: 78
Algoritmo 1 Linear Com cores, Tempo: 0.581s

Encontrando os aneis com algoritmo 1 linear
Numero de aneis: 78
Algoritmo 1 Linear Sem Cores, Tempo: 0.501s

Encontrando os caminhos com 7 threads
Encontrando os aneis com algoritmo 3 (10threads)
Numero de aneis encontrados: 78
Algoritmo 3 Paralelo, Tempo: 0.561s

Encontrando os aneis com algoritmo 2 paralelo
Encontrando os caminhos com 20 threads
Numero de aneis encontrados: 78
Algoritmo 2 Paralelo, Tempo: 0.653s

Encontrando os aneis com algoritmo 1 paralelo
Numero de aneis encontrados: 78
Algoritmo 1 Paralelo, Tempo: 0.582s

Terminou!
Time difference = 3[s]
./a.out ap.txt 2
Inicio
Encontrando os caminhos com 7 threads
Encontrando os aneis com algoritmo 2 linear(24)
 tempo_encontra_anel_aux 0.556016
 tempo_encontra_anel 0.170854
 tempo_verifica_anel 0.046015
 tempo_procura_caminhos 0.040908
 tempo_copia_caminhos 0.118832
 tempo_sao_disjuntos 0.133346
Numero de aneis encontrados: 1885
Algoritmo 2 Linear, Tempo: 1.706s

Encontrando os aneis com algoritmo 1 linear
Numero de aneis: 1885
Algoritmo 1 Linear Com cores, Tempo: 1.266s

Encontrando os aneis com algoritmo 1 linear
Numero de aneis: 1885
Algoritmo 1 Linear Sem Cores, Tempo: 2.368s

Encontrando os caminhos com 7 threads
Encontrando os aneis com algoritmo 3 (24threads)
Numero de aneis encontrados: 1885
Algoritmo 3 Paralelo, Tempo: 14.252s

Encontrando os aneis com algoritmo 2 paralelo
Encontrando os caminhos com 20 threads
Numero de aneis encontrados: 1885
Algoritmo 2 Paralelo, Tempo: 1.423s

Encontrando os aneis com algoritmo 1 paralelo
Numero de aneis encontrados: 1885
Algoritmo 1 Paralelo, Tempo: 1.147s

Terminou!
Time difference = 22[s]
./a.out Arara4MaqPar.txt 1
Inicio
Encontrando os caminhos com 4 threads
Encontrando os aneis com algoritmo 2 linear(6)
 tempo_encontra_anel_aux 0.003943
 tempo_encontra_anel 0.016225
 tempo_verifica_anel 0.012592
 tempo_procura_caminhos 0.005124
 tempo_copia_caminhos 0.002404
 tempo_sao_disjuntos 0.004304
Numero de aneis encontrados: 520
Algoritmo 2 Linear, Tempo: 0.128s

Encontrando os aneis com algoritmo 1 linear
Numero de aneis: 520
Algoritmo 1 Linear Com cores, Tempo: 0.13s

Encontrando os aneis com algoritmo 1 linear
Numero de aneis: 520
Algoritmo 1 Linear Sem Cores, Tempo: 0.164s

Encontrando os caminhos com 4 threads
Encontrando os aneis com algoritmo 3 (6threads)
Numero de aneis encontrados: 520
Algoritmo 3 Paralelo, Tempo: 0.114s

Encontrando os aneis com algoritmo 2 paralelo
Encontrando os caminhos com 20 threads
Numero de aneis encontrados: 520
Algoritmo 2 Paralelo, Tempo: 0.112s

Encontrando os aneis com algoritmo 1 paralelo
Numero de aneis encontrados: 520
Algoritmo 1 Paralelo, Tempo: 0.187s

Terminou!
Time difference = 0[s]
./a.out Arara4MaqPar.txt 2
Inicio
Encontrando os caminhos com 4 threads
Encontrando os aneis com algoritmo 2 linear(6)
 tempo_encontra_anel_aux 0.125821
 tempo_encontra_anel 3.40796
 tempo_verifica_anel 2.58421
 tempo_procura_caminhos 0.012452
 tempo_copia_caminhos 0.024122
 tempo_sao_disjuntos 0.357315
Numero de aneis encontrados: 110590
Algoritmo 2 Linear, Tempo: 3.739s

Encontrando os aneis com algoritmo 1 linear
Numero de aneis: 110590
Algoritmo 1 Linear Com cores, Tempo: 3.777s

Encontrando os aneis com algoritmo 1 linear
Numero de aneis: 110590
Algoritmo 1 Linear Sem Cores, Tempo: 16.708s

Encontrando os caminhos com 4 threads
Encontrando os aneis com algoritmo 3 (6threads)
Numero de aneis encontrados: 110590
Algoritmo 3 Paralelo, Tempo: 3.619s

Encontrando os aneis com algoritmo 2 paralelo
Encontrando os caminhos com 20 threads
Numero de aneis encontrados: 110590
Algoritmo 2 Paralelo, Tempo: 1.131s

Encontrando os aneis com algoritmo 1 paralelo
Numero de aneis encontrados: 110590
Algoritmo 1 Paralelo, Tempo: 1.152s

Terminou!
Time difference = 30[s]
./a.out chacobo_fem.txt 1
Inicio
Encontrando os caminhos com 8 threads
Encontrando os aneis com algoritmo 2 linear(14)
 tempo_encontra_anel_aux 0.008448
 tempo_encontra_anel 0.051498
 tempo_verifica_anel 0.040691
 tempo_procura_caminhos 0.065669
 tempo_copia_caminhos 0.002727
 tempo_sao_disjuntos 0.008886
Numero de aneis encontrados: 1614
Algoritmo 2 Linear, Tempo: 3.681s

Encontrando os aneis com algoritmo 1 linear
Numero de aneis: 1614
Algoritmo 1 Linear Com cores, Tempo: 5.492s

Encontrando os aneis com algoritmo 1 linear
Numero de aneis: 1614
Algoritmo 1 Linear Sem Cores, Tempo: 6.299s

Encontrando os caminhos com 8 threads
Encontrando os aneis com algoritmo 3 (14threads)
Numero de aneis encontrados: 1614
Algoritmo 3 Paralelo, Tempo: 5.675s

Encontrando os aneis com algoritmo 2 paralelo
Encontrando os caminhos com 20 threads
Numero de aneis encontrados: 1614
Algoritmo 2 Paralelo, Tempo: 5.952s

Encontrando os aneis com algoritmo 1 paralelo
Numero de aneis encontrados: 1614
Algoritmo 1 Paralelo, Tempo: 5.909s

Terminou!
Time difference = 33[s]
./a.out chacobo_fem.txt 2
Inicio
Encontrando os caminhos com 8 threads
Encontrando os aneis com algoritmo 2 linear(28)
 tempo_encontra_anel_aux 1.79249
 tempo_encontra_anel 62.8644
 tempo_verifica_anel 51.4906
 tempo_procura_caminhos 0.131227
 tempo_copia_caminhos 0.315683
 tempo_sao_disjuntos 6.35877
Numero de aneis encontrados: 1780276
Algoritmo 2 Linear, Tempo: 69.561s

Encontrando os aneis com algoritmo 1 linear
Numero de aneis: 1780276
Algoritmo 1 Linear Com cores, Tempo: 82.675s

Encontrando os aneis com algoritmo 1 linear
Numero de aneis: 1780276
Algoritmo 1 Linear Sem Cores, Tempo: 663.005s

Encontrando os caminhos com 8 threads
Encontrando os aneis com algoritmo 3 (28threads)
Numero de aneis encontrados: 1780276
Algoritmo 3 Paralelo, Tempo: 58.445s

Encontrando os aneis com algoritmo 2 paralelo
Encontrando os caminhos com 20 threads
Numero de aneis encontrados: 1780276
Algoritmo 2 Paralelo, Tempo: 20.345s

Encontrando os aneis com algoritmo 1 paralelo
Numero de aneis encontrados: 1780276
Algoritmo 1 Paralelo, Tempo: 21.978s

Terminou!
Time difference = 918[s]
./a.out chacobo_mas.txt 1
Inicio
Encontrando os caminhos com 8 threads
Encontrando os aneis com algoritmo 2 linear(14)
 tempo_encontra_anel_aux 0.010053
 tempo_encontra_anel 0.052198
 tempo_verifica_anel 0.040452
 tempo_procura_caminhos 0.067753
 tempo_copia_caminhos 0.00397
 tempo_sao_disjuntos 0.010688
Numero de aneis encontrados: 1614
Algoritmo 2 Linear, Tempo: 3.683s

Encontrando os aneis com algoritmo 1 linear
Numero de aneis: 1614
Algoritmo 1 Linear Com cores, Tempo: 5.465s

Encontrando os aneis com algoritmo 1 linear
Numero de aneis: 1614
Algoritmo 1 Linear Sem Cores, Tempo: 6.284s

Encontrando os caminhos com 8 threads
Encontrando os aneis com algoritmo 3 (14threads)
Numero de aneis encontrados: 1614
Algoritmo 3 Paralelo, Tempo: 5.637s

Encontrando os aneis com algoritmo 2 paralelo
Encontrando os caminhos com 20 threads
Numero de aneis encontrados: 1614
Algoritmo 2 Paralelo, Tempo: 6.25s

Encontrando os aneis com algoritmo 1 paralelo
Numero de aneis encontrados: 1614
Algoritmo 1 Paralelo, Tempo: 5.74s

Terminou!
Time difference = 33[s]
./a.out chacobo_mas.txt 2
Inicio
Encontrando os caminhos com 8 threads
Encontrando os aneis com algoritmo 2 linear(28)
 tempo_encontra_anel_aux 1.78861
 tempo_encontra_anel 62.8947
 tempo_verifica_anel 51.5362
 tempo_procura_caminhos 0.133527
 tempo_copia_caminhos 0.316601
 tempo_sao_disjuntos 6.32515
Numero de aneis encontrados: 1780276
Algoritmo 2 Linear, Tempo: 69.591s

Encontrando os aneis com algoritmo 1 linear
Numero de aneis: 1780276
Algoritmo 1 Linear Com cores, Tempo: 81.983s

Encontrando os aneis com algoritmo 1 linear
Numero de aneis: 1780276
Algoritmo 1 Linear Sem Cores, Tempo: 623.413s

Encontrando os caminhos com 8 threads
Encontrando os aneis com algoritmo 3 (28threads)
Numero de aneis encontrados: 1780276
Algoritmo 3 Paralelo, Tempo: 59.333s

Encontrando os aneis com algoritmo 2 paralelo
Encontrando os caminhos com 20 threads
Numero de aneis encontrados: 1780276
Algoritmo 2 Paralelo, Tempo: 21.699s

Encontrando os aneis com algoritmo 1 paralelo
Numero de aneis encontrados: 1780276
Algoritmo 1 Paralelo, Tempo: 22.503s

Terminou!
Time difference = 881[s]
./a.out deni.txt 1
Inicio
Encontrando os caminhos com 7 threads
Encontrando os aneis com algoritmo 2 linear(12)
 tempo_encontra_anel_aux 0.007575
 tempo_encontra_anel 0.029286
 tempo_verifica_anel 0.022518
 tempo_procura_caminhos 0.025787
 tempo_copia_caminhos 0.003623
 tempo_sao_disjuntos 0.007222
Numero de aneis encontrados: 918
Algoritmo 2 Linear, Tempo: 0.43s

Encontrando os aneis com algoritmo 1 linear
Numero de aneis: 918
Algoritmo 1 Linear Com cores, Tempo: 0.391s

Encontrando os aneis com algoritmo 1 linear
Numero de aneis: 918
Algoritmo 1 Linear Sem Cores, Tempo: 0.716s

Encontrando os caminhos com 7 threads
Encontrando os aneis com algoritmo 3 (12threads)
Numero de aneis encontrados: 918
Algoritmo 3 Paralelo, Tempo: 0.535s

Encontrando os aneis com algoritmo 2 paralelo
Encontrando os caminhos com 20 threads
Numero de aneis encontrados: 918
Algoritmo 2 Paralelo, Tempo: 0.539s

Encontrando os aneis com algoritmo 1 paralelo
Numero de aneis encontrados: 918
Algoritmo 1 Paralelo, Tempo: 0.565s

Terminou!
Time difference = 3[s]
./a.out deni.txt 2
Inicio
Encontrando os caminhos com 7 threads
Encontrando os aneis com algoritmo 2 linear(24)
 tempo_encontra_anel_aux 0.974101
 tempo_encontra_anel 11.991
 tempo_verifica_anel 8.72273
 tempo_procura_caminhos 0.05175
 tempo_copia_caminhos 0.188963
 tempo_sao_disjuntos 1.51185
Numero de aneis encontrados: 320155
Algoritmo 2 Linear, Tempo: 14.004s

Encontrando os aneis com algoritmo 1 linear
Numero de aneis: 320155
Algoritmo 1 Linear Com cores, Tempo: 16.137s

Encontrando os aneis com algoritmo 1 linear
Numero de aneis: 320155
Algoritmo 1 Linear Sem Cores, Tempo: 140.056s

Encontrando os caminhos com 7 threads
Encontrando os aneis com algoritmo 3 (24threads)
Numero de aneis encontrados: 320155
Algoritmo 3 Paralelo, Tempo: 22.759s

Encontrando os aneis com algoritmo 2 paralelo
Encontrando os caminhos com 20 threads
Numero de aneis encontrados: 320155
Algoritmo 2 Paralelo, Tempo: 4.563s

Encontrando os aneis com algoritmo 1 paralelo
Numero de aneis encontrados: 320155
Algoritmo 1 Paralelo, Tempo: 4.564s

Terminou!
Time difference = 202[s]
./a.out EN4MaqPar.txt 1
Inicio
Encontrando os caminhos com 6 threads
Encontrando os aneis com algoritmo 2 linear(8)
 tempo_encontra_anel_aux 0.003849
 tempo_encontra_anel 0.003396
 tempo_verifica_anel 0.002927
 tempo_procura_caminhos 0.010403
 tempo_copia_caminhos 0.002752
 tempo_sao_disjuntos 0.002838
Numero de aneis encontrados: 16
Algoritmo 2 Linear, Tempo: 0.261s

Encontrando os aneis com algoritmo 1 linear
Numero de aneis: 16
Algoritmo 1 Linear Com cores, Tempo: 0.276s

Encontrando os aneis com algoritmo 1 linear
Numero de aneis: 16
Algoritmo 1 Linear Sem Cores, Tempo: 0.243s

Encontrando os caminhos com 6 threads
Encontrando os aneis com algoritmo 3 (8threads)
Numero de aneis encontrados: 16
Algoritmo 3 Paralelo, Tempo: 0.288s

Encontrando os aneis com algoritmo 2 paralelo
Encontrando os caminhos com 20 threads
Numero de aneis encontrados: 16
Algoritmo 2 Paralelo, Tempo: 0.353s

Encontrando os aneis com algoritmo 1 paralelo
Numero de aneis encontrados: 16
Algoritmo 1 Paralelo, Tempo: 0.368s

Terminou!
Time difference = 1[s]
./a.out EN4MaqPar.txt 2
Inicio
Encontrando os caminhos com 6 threads
Encontrando os aneis com algoritmo 2 linear(24)
 tempo_encontra_anel_aux 0.184729
 tempo_encontra_anel 0.119581
 tempo_verifica_anel 0.067732
 tempo_procura_caminhos 0.024459
 tempo_copia_caminhos 0.040893
 tempo_sao_disjuntos 0.054081
Numero de aneis encontrados: 2539
Algoritmo 2 Linear, Tempo: 0.744s

Encontrando os aneis com algoritmo 1 linear
Numero de aneis: 2539
Algoritmo 1 Linear Com cores, Tempo: 0.641s

Encontrando os aneis com algoritmo 1 linear
Numero de aneis: 2539
Algoritmo 1 Linear Sem Cores, Tempo: 1.788s

Encontrando os caminhos com 6 threads
Encontrando os aneis com algoritmo 3 (24threads)
Numero de aneis encontrados: 2539
Algoritmo 3 Paralelo, Tempo: 5.467s

Encontrando os aneis com algoritmo 2 paralelo
Encontrando os caminhos com 20 threads
Numero de aneis encontrados: 2539
Algoritmo 2 Paralelo, Tempo: 0.506s

Encontrando os aneis com algoritmo 1 paralelo
Numero de aneis encontrados: 2539
Algoritmo 1 Paralelo, Tempo: 0.524s

Terminou!
Time difference = 9[s]
./a.out im.txt 1
Inicio
Encontrando os caminhos com 6 threads
Encontrando os aneis com algoritmo 2 linear(10)
 tempo_encontra_anel_aux 0.004339
 tempo_encontra_anel 0.006887
 tempo_verifica_anel 0.005611
 tempo_procura_caminhos 0.008235
 tempo_copia_caminhos 0.002956
 tempo_sao_disjuntos 0.003461
Numero de aneis encontrados: 120
Algoritmo 2 Linear, Tempo: 0.2s

Encontrando os aneis com algoritmo 1 linear
Numero de aneis: 120
Algoritmo 1 Linear Com cores, Tempo: 0.241s

Encontrando os aneis com algoritmo 1 linear
Numero de aneis: 120
Algoritmo 1 Linear Sem Cores, Tempo: 0.265s

Encontrando os caminhos com 6 threads
Encontrando os aneis com algoritmo 3 (10threads)
Numero de aneis encontrados: 120
Algoritmo 3 Paralelo, Tempo: 0.259s

Encontrando os aneis com algoritmo 2 paralelo
Encontrando os caminhos com 20 threads
Numero de aneis encontrados: 120
Algoritmo 2 Paralelo, Tempo: 0.289s

Encontrando os aneis com algoritmo 1 paralelo
Numero de aneis encontrados: 120
Algoritmo 1 Paralelo, Tempo: 0.263s

Terminou!
Time difference = 1[s]
./a.out im.txt 2
Inicio
Encontrando os caminhos com 6 threads
Encontrando os aneis com algoritmo 2 linear(24)
 tempo_encontra_anel_aux 0.250829
 tempo_encontra_anel 0.328033
 tempo_verifica_anel 0.21366
 tempo_procura_caminhos 0.021292
 tempo_copia_caminhos 0.053938
 tempo_sao_disjuntos 0.095606
Numero de aneis encontrados: 6390
Algoritmo 2 Linear, Tempo: 0.995s

Encontrando os aneis com algoritmo 1 linear
Numero de aneis: 6390
Algoritmo 1 Linear Com cores, Tempo: 0.729s

Encontrando os aneis com algoritmo 1 linear
Numero de aneis: 6390
Algoritmo 1 Linear Sem Cores, Tempo: 3.968s

Encontrando os caminhos com 6 threads
Encontrando os aneis com algoritmo 3 (24threads)
Numero de aneis encontrados: 6390
Algoritmo 3 Paralelo, Tempo: 5.506s

Encontrando os aneis com algoritmo 2 paralelo
Encontrando os caminhos com 20 threads
Numero de aneis encontrados: 6390
Algoritmo 2 Paralelo, Tempo: 0.571s

Encontrando os aneis com algoritmo 1 paralelo
Numero de aneis encontrados: 6390
Algoritmo 1 Paralelo, Tempo: 0.509s

Terminou!
Time difference = 12[s]
./a.out kraho.txt 1
Inicio
Encontrando os caminhos com 7 threads
Encontrando os aneis com algoritmo 2 linear(12)
 tempo_encontra_anel_aux 0.006702
 tempo_encontra_anel 0.027078
 tempo_verifica_anel 0.02116
 tempo_procura_caminhos 0.048443
 tempo_copia_caminhos 0.002523
 tempo_sao_disjuntos 0.006065
Numero de aneis encontrados: 812
Algoritmo 2 Linear, Tempo: 0.934s

Encontrando os aneis com algoritmo 1 linear
Numero de aneis: 812
Algoritmo 1 Linear Com cores, Tempo: 1.319s

Encontrando os aneis com algoritmo 1 linear
Numero de aneis: 812
Algoritmo 1 Linear Sem Cores, Tempo: 1.726s

Encontrando os caminhos com 7 threads
Encontrando os aneis com algoritmo 3 (12threads)
Numero de aneis encontrados: 812
Algoritmo 3 Paralelo, Tempo: 1.381s

Encontrando os aneis com algoritmo 2 paralelo
Encontrando os caminhos com 20 threads
Numero de aneis encontrados: 812
Algoritmo 2 Paralelo, Tempo: 1.449s

Encontrando os aneis com algoritmo 1 paralelo
Numero de aneis encontrados: 812
Algoritmo 1 Paralelo, Tempo: 1.392s

Terminou!
Time difference = 8[s]
./a.out kraho.txt 2
Inicio
Encontrando os caminhos com 7 threads
Encontrando os aneis com algoritmo 2 linear(24)
 tempo_encontra_anel_aux 1.26688
 tempo_encontra_anel 17.9796
 tempo_verifica_anel 14.2411
 tempo_procura_caminhos 0.121538
 tempo_copia_caminhos 0.262993
 tempo_sao_disjuntos 2.00295
Numero de aneis encontrados: 353542
Algoritmo 2 Linear, Tempo: 21.315s

Encontrando os aneis com algoritmo 1 linear
Numero de aneis: 353542
Algoritmo 1 Linear Com cores, Tempo: 23.191s

Encontrando os aneis com algoritmo 1 linear
Numero de aneis: 353542
Algoritmo 1 Linear Sem Cores, Tempo: 189.011s

Encontrando os caminhos com 7 threads
Encontrando os aneis com algoritmo 3 (24threads)
Numero de aneis encontrados: 353542
Algoritmo 3 Paralelo, Tempo: 35.508s

Encontrando os aneis com algoritmo 2 paralelo
Encontrando os caminhos com 20 threads
Numero de aneis encontrados: 353542
Algoritmo 2 Paralelo, Tempo: 6.925s

Encontrando os aneis com algoritmo 1 paralelo
Numero de aneis encontrados: 353542
Algoritmo 1 Paralelo, Tempo: 6.565s

Terminou!
Time difference = 283[s]
./a.out marcapata.txt 1
Inicio
Encontrando os caminhos com 6 threads
Encontrando os aneis com algoritmo 2 linear(8)
 tempo_encontra_anel_aux 0.009499
 tempo_encontra_anel 0.004149
 tempo_verifica_anel 0.001899
 tempo_procura_caminhos 0.124568
 tempo_copia_caminhos 0.002912
 tempo_sao_disjuntos 0.003048
Numero de aneis encontrados: 30
Algoritmo 2 Linear, Tempo: 2.951s

Encontrando os aneis com algoritmo 1 linear
Numero de aneis: 30
Algoritmo 1 Linear Com cores, Tempo: 3.419s

Encontrando os aneis com algoritmo 1 linear
Numero de aneis: 30
Algoritmo 1 Linear Sem Cores, Tempo: 3.09s

Encontrando os caminhos com 6 threads
Encontrando os aneis com algoritmo 3 (8threads)
Numero de aneis encontrados: 30
Algoritmo 3 Paralelo, Tempo: 3.513s

Encontrando os aneis com algoritmo 2 paralelo
Encontrando os caminhos com 20 threads
Numero de aneis encontrados: 30
Algoritmo 2 Paralelo, Tempo: 3.68s

Encontrando os aneis com algoritmo 1 paralelo
Numero de aneis encontrados: 30
Algoritmo 1 Paralelo, Tempo: 3.467s

Terminou!
Time difference = 20[s]
./a.out marcapata.txt 2
Inicio
Encontrando os caminhos com 6 threads
Encontrando os aneis com algoritmo 2 linear(20)
 tempo_encontra_anel_aux 12.6226
 tempo_encontra_anel 2.40249
 tempo_verifica_anel 0.046158
 tempo_procura_caminhos 0.194683
 tempo_copia_caminhos 2.67567
 tempo_sao_disjuntos 2.71953
Numero de aneis encontrados: 2118
Algoritmo 2 Linear, Tempo: 29.294s

Encontrando os aneis com algoritmo 1 linear
Numero de aneis: 2118
Algoritmo 1 Linear Com cores, Tempo: 21.319s

Encontrando os aneis com algoritmo 1 linear
Numero de aneis: 2118
Algoritmo 1 Linear Sem Cores, Tempo: 22.715s

Encontrando os caminhos com 6 threads
Encontrando os aneis com algoritmo 3 (20threads)
Numero de aneis encontrados: 2118
Algoritmo 3 Paralelo, Tempo: 346.346s

Encontrando os aneis com algoritmo 2 paralelo
Encontrando os caminhos com 20 threads
Numero de aneis encontrados: 2118
Algoritmo 2 Paralelo, Tempo: 35.133s

Encontrando os aneis com algoritmo 1 paralelo
Numero de aneis encontrados: 2118
Algoritmo 1 Paralelo, Tempo: 21.034s

Terminou!
Time difference = 476[s]
./a.out mbya.txt 1
Inicio
Encontrando os caminhos com 6 threads
Encontrando os aneis com algoritmo 2 linear(8)
 tempo_encontra_anel_aux 0.005471
 tempo_encontra_anel 0.003112
 tempo_verifica_anel 0.001978
 tempo_procura_caminhos 0.038835
 tempo_copia_caminhos 0.002303
 tempo_sao_disjuntos 0.002378
Numero de aneis encontrados: 19
Algoritmo 2 Linear, Tempo: 0.985s

Encontrando os aneis com algoritmo 1 linear
Numero de aneis: 19
Algoritmo 1 Linear Com cores, Tempo: 1.076s

Encontrando os aneis com algoritmo 1 linear
Numero de aneis: 19
Algoritmo 1 Linear Sem Cores, Tempo: 0.976s

Encontrando os caminhos com 6 threads
Encontrando os aneis com algoritmo 3 (8threads)
Numero de aneis encontrados: 19
Algoritmo 3 Paralelo, Tempo: 1.032s

Encontrando os aneis com algoritmo 2 paralelo
Encontrando os caminhos com 20 threads
Numero de aneis encontrados: 19
Algoritmo 2 Paralelo, Tempo: 1.171s

Encontrando os aneis com algoritmo 1 paralelo
Numero de aneis encontrados: 19
Algoritmo 1 Paralelo, Tempo: 0.908s

Terminou!
Time difference = 6[s]
./a.out mbya.txt 2
Inicio
Encontrando os caminhos com 6 threads
Encontrando os aneis com algoritmo 2 linear(20)
 tempo_encontra_anel_aux 1.60748
 tempo_encontra_anel 0.328297
 tempo_verifica_anel 0.018051
 tempo_procura_caminhos 0.070386
 tempo_copia_caminhos 0.343591
 tempo_sao_disjuntos 0.35257
Numero de aneis encontrados: 620
Algoritmo 2 Linear, Tempo: 4.388s

Encontrando os aneis com algoritmo 1 linear
Numero de aneis: 620
Algoritmo 1 Linear Com cores, Tempo: 3.184s

Encontrando os aneis com algoritmo 1 linear
Numero de aneis: 620
Algoritmo 1 Linear Sem Cores, Tempo: 4.726s

Encontrando os caminhos com 6 threads
Encontrando os aneis com algoritmo 3 (20threads)
Numero de aneis encontrados: 620
Algoritmo 3 Paralelo, Tempo: 42.45s

Encontrando os aneis com algoritmo 2 paralelo
Encontrando os caminhos com 20 threads
Numero de aneis encontrados: 620
Algoritmo 2 Paralelo, Tempo: 4.428s

Encontrando os aneis com algoritmo 1 paralelo
Numero de aneis encontrados: 620
Algoritmo 1 Paralelo, Tempo: 2.792s

Terminou!
Time difference = 62[s]
./a.out xv.txt 1
Inicio
Encontrando os caminhos com 4 threads
Encontrando os aneis com algoritmo 2 linear(8)
 tempo_encontra_anel_aux 0.003814
 tempo_encontra_anel 0.003938
 tempo_verifica_anel 0.003038
 tempo_procura_caminhos 0.005413
 tempo_copia_caminhos 0.002147
 tempo_sao_disjuntos 0.002387
Numero de aneis encontrados: 56
Algoritmo 2 Linear, Tempo: 0.089s

Encontrando os aneis com algoritmo 1 linear
Numero de aneis: 56
Algoritmo 1 Linear Com cores, Tempo: 0.093s

Encontrando os aneis com algoritmo 1 linear
Numero de aneis: 56
Algoritmo 1 Linear Sem Cores, Tempo: 0.066s

Encontrando os caminhos com 4 threads
Encontrando os aneis com algoritmo 3 (8threads)
Numero de aneis encontrados: 56
Algoritmo 3 Paralelo, Tempo: 0.066s

Encontrando os aneis com algoritmo 2 paralelo
Encontrando os caminhos com 20 threads
Numero de aneis encontrados: 56
Algoritmo 2 Paralelo, Tempo: 0.106s

Encontrando os aneis com algoritmo 1 paralelo
Numero de aneis encontrados: 56
Algoritmo 1 Paralelo, Tempo: 0.103s

Terminou!
Time difference = 0[s]
./a.out xv.txt 2
Inicio
Encontrando os caminhos com 4 threads
Encontrando os aneis com algoritmo 2 linear(16)
 tempo_encontra_anel_aux 0.411325
 tempo_encontra_anel 0.286159
 tempo_verifica_anel 0.161246
 tempo_procura_caminhos 0.020407
 tempo_copia_caminhos 0.087626
 tempo_sao_disjuntos 0.126061
Numero de aneis encontrados: 7455
Algoritmo 2 Linear, Tempo: 1.139s

Encontrando os aneis com algoritmo 1 linear
Numero de aneis: 7455
Algoritmo 1 Linear Com cores, Tempo: 0.961s

Encontrando os aneis com algoritmo 1 linear
Numero de aneis: 7455
Algoritmo 1 Linear Sem Cores, Tempo: 2.261s

Encontrando os caminhos com 4 threads
Encontrando os aneis com algoritmo 3 (16threads)
Numero de aneis encontrados: 7455
Algoritmo 3 Paralelo, Tempo: 6.902s

Encontrando os aneis com algoritmo 2 paralelo
Encontrando os caminhos com 20 threads
Numero de aneis encontrados: 7455
Algoritmo 2 Paralelo, Tempo: 0.764s

Encontrando os aneis com algoritmo 1 paralelo
Numero de aneis encontrados: 7455
Algoritmo 1 Paralelo, Tempo: 0.505s

Terminou!
Time difference = 12[s]
./a.out zo.txt 1
Inicio
Encontrando os caminhos com 7 threads
Encontrando os aneis com algoritmo 2 linear(10)
 tempo_encontra_anel_aux 0.003253
 tempo_encontra_anel 0.003374
 tempo_verifica_anel 0.003067
 tempo_procura_caminhos 0.008349
 tempo_copia_caminhos 0.002718
 tempo_sao_disjuntos 0.002801
Numero de aneis encontrados: 57
Algoritmo 2 Linear, Tempo: 0.226s

Encontrando os aneis com algoritmo 1 linear
Numero de aneis: 57
Algoritmo 1 Linear Com cores, Tempo: 0.195s

Encontrando os aneis com algoritmo 1 linear
Numero de aneis: 57
Algoritmo 1 Linear Sem Cores, Tempo: 0.22s

Encontrando os caminhos com 7 threads
Encontrando os aneis com algoritmo 3 (10threads)
Numero de aneis encontrados: 57
Algoritmo 3 Paralelo, Tempo: 0.246s

Encontrando os aneis com algoritmo 2 paralelo
Encontrando os caminhos com 20 threads
Numero de aneis encontrados: 57
Algoritmo 2 Paralelo, Tempo: 0.317s

Encontrando os aneis com algoritmo 1 paralelo
Numero de aneis encontrados: 57
Algoritmo 1 Paralelo, Tempo: 0.306s

Terminou!
Time difference = 1[s]
./a.out zo.txt 2
Inicio
Encontrando os caminhos com 7 threads
Encontrando os aneis com algoritmo 2 linear(24)
 tempo_encontra_anel_aux 0.222334
 tempo_encontra_anel 0.128287
 tempo_verifica_anel 0.066611
 tempo_procura_caminhos 0.022674
 tempo_copia_caminhos 0.048939
 tempo_sao_disjuntos 0.064887
Numero de aneis encontrados: 2976
Algoritmo 2 Linear, Tempo: 0.769s

Encontrando os aneis com algoritmo 1 linear
Numero de aneis: 2976
Algoritmo 1 Linear Com cores, Tempo: 0.728s

Encontrando os aneis com algoritmo 1 linear
Numero de aneis: 2976
Algoritmo 1 Linear Sem Cores, Tempo: 3.36s

Encontrando os caminhos com 7 threads
Encontrando os aneis com algoritmo 3 (24threads)
Numero de aneis encontrados: 2976
Algoritmo 3 Paralelo, Tempo: 7.16s

Encontrando os aneis com algoritmo 2 paralelo
Encontrando os caminhos com 20 threads
Numero de aneis encontrados: 2976
Algoritmo 2 Paralelo, Tempo: 0.782s

Encontrando os aneis com algoritmo 1 paralelo
Numero de aneis encontrados: 2976
Algoritmo 1 Paralelo, Tempo: 0.464s

Terminou!
Time difference = 13[s]


***************


./a.out ap.txt 1
Inicio
Encontrando os caminhos com 7 threads
Encontrando os aneis com algoritmo 2 linear(10)
 tempo_encontra_anel_aux 0.005327
 tempo_encontra_anel 0.0058
 tempo_verifica_anel 0.004733
 tempo_procura_caminhos 0.024338
 tempo_copia_caminhos 0.003436
 tempo_sao_disjuntos 0.003758
Numero de aneis encontrados: 78
Algoritmo 2 Linear, Tempo: 0.518s

Encontrando os aneis com algoritmo 1 linear
Numero de aneis: 78
Algoritmo 1 Linear Com cores, Tempo: 0.576s

Encontrando os aneis com algoritmo 1 linear
Numero de aneis: 78
Algoritmo 1 Linear Sem Cores, Tempo: 0.461s

Encontrando os caminhos com 7 threads
Encontrando os aneis com algoritmo 3 (10threads)
Numero de aneis encontrados: 78
Algoritmo 3 Paralelo, Tempo: 0.528s

Encontrando os aneis com algoritmo 2 paralelo
Encontrando os caminhos com 20 threads
Numero de aneis encontrados: 78
Algoritmo 2 Paralelo, Tempo: 0.697s

Encontrando os aneis com algoritmo 1 paralelo
Numero de aneis encontrados: 78
Algoritmo 1 Paralelo, Tempo: 0.696s

Terminou!
Time difference = 3[s]
./a.out ap.txt 2
Inicio
Encontrando os caminhos com 7 threads
Encontrando os aneis com algoritmo 2 linear(24)
 tempo_encontra_anel_aux 0.526906
 tempo_encontra_anel 0.163916
 tempo_verifica_anel 0.045549
 tempo_procura_caminhos 0.039385
 tempo_copia_caminhos 0.112827
 tempo_sao_disjuntos 0.126056
Numero de aneis encontrados: 1885
Algoritmo 2 Linear, Tempo: 1.633s

Encontrando os aneis com algoritmo 1 linear
Numero de aneis: 1885
Algoritmo 1 Linear Com cores, Tempo: 1.27s

Encontrando os aneis com algoritmo 1 linear
Numero de aneis: 1885
Algoritmo 1 Linear Sem Cores, Tempo: 2.407s

Encontrando os caminhos com 7 threads
Encontrando os aneis com algoritmo 3 (24threads)
Numero de aneis encontrados: 1885
Algoritmo 3 Paralelo, Tempo: 14.874s

Encontrando os aneis com algoritmo 2 paralelo
Encontrando os caminhos com 20 threads
Numero de aneis encontrados: 1885
Algoritmo 2 Paralelo, Tempo: 1.408s

Encontrando os aneis com algoritmo 1 paralelo
Numero de aneis encontrados: 1885
Algoritmo 1 Paralelo, Tempo: 1.057s

Terminou!
Time difference = 22[s]
./a.out Arara4MaqPar.txt 1
Inicio
Encontrando os caminhos com 4 threads
Encontrando os aneis com algoritmo 2 linear(6)
 tempo_encontra_anel_aux 0.003002
 tempo_encontra_anel 0.0098
 tempo_verifica_anel 0.007875
 tempo_procura_caminhos 0.008237
 tempo_copia_caminhos 0.002173
 tempo_sao_disjuntos 0.003172
Numero de aneis encontrados: 520
Algoritmo 2 Linear, Tempo: 0.11s

Encontrando os aneis com algoritmo 1 linear
Numero de aneis: 520
Algoritmo 1 Linear Com cores, Tempo: 0.102s

Encontrando os aneis com algoritmo 1 linear
Numero de aneis: 520
Algoritmo 1 Linear Sem Cores, Tempo: 0.22s

Encontrando os caminhos com 4 threads
Encontrando os aneis com algoritmo 3 (6threads)
Numero de aneis encontrados: 520
Algoritmo 3 Paralelo, Tempo: 0.143s

Encontrando os aneis com algoritmo 2 paralelo
Encontrando os caminhos com 20 threads
Numero de aneis encontrados: 520
Algoritmo 2 Paralelo, Tempo: 0.17s

Encontrando os aneis com algoritmo 1 paralelo
Numero de aneis encontrados: 520
Algoritmo 1 Paralelo, Tempo: 0.165s

Terminou!
Time difference = 0[s]
./a.out Arara4MaqPar.txt 2
Inicio
Encontrando os caminhos com 4 threads
Encontrando os aneis com algoritmo 2 linear(6)
 tempo_encontra_anel_aux 0.124068
 tempo_encontra_anel 3.39807
 tempo_verifica_anel 2.58479
 tempo_procura_caminhos 0.010538
 tempo_copia_caminhos 0.02337
 tempo_sao_disjuntos 0.351115
Numero de aneis encontrados: 110590
Algoritmo 2 Linear, Tempo: 3.695s

Encontrando os aneis com algoritmo 1 linear
Numero de aneis: 110590
Algoritmo 1 Linear Com cores, Tempo: 3.837s

Encontrando os aneis com algoritmo 1 linear
Numero de aneis: 110590
Algoritmo 1 Linear Sem Cores, Tempo: 16.773s

Encontrando os caminhos com 4 threads
Encontrando os aneis com algoritmo 3 (6threads)
Numero de aneis encontrados: 110590
Algoritmo 3 Paralelo, Tempo: 3.423s

Encontrando os aneis com algoritmo 2 paralelo
Encontrando os caminhos com 20 threads
Numero de aneis encontrados: 110590
Algoritmo 2 Paralelo, Tempo: 1.108s

Encontrando os aneis com algoritmo 1 paralelo
Numero de aneis encontrados: 110590
Algoritmo 1 Paralelo, Tempo: 1.084s

Terminou!
Time difference = 30[s]
./a.out chacobo_fem.txt 1
Inicio
Encontrando os caminhos com 8 threads
Encontrando os aneis com algoritmo 2 linear(14)
 tempo_encontra_anel_aux 0.006442
 tempo_encontra_anel 0.030671
 tempo_verifica_anel 0.023695
 tempo_procura_caminhos 0.065105
 tempo_copia_caminhos 0.002898
 tempo_sao_disjuntos 0.006725
Numero de aneis encontrados: 1614
Algoritmo 2 Linear, Tempo: 3.759s

Encontrando os aneis com algoritmo 1 linear
Numero de aneis: 1614
Algoritmo 1 Linear Com cores, Tempo: 5.272s

Encontrando os aneis com algoritmo 1 linear
Numero de aneis: 1614
Algoritmo 1 Linear Sem Cores, Tempo: 6.307s

Encontrando os caminhos com 8 threads
Encontrando os aneis com algoritmo 3 (14threads)
Numero de aneis encontrados: 1614
Algoritmo 3 Paralelo, Tempo: 5.787s

Encontrando os aneis com algoritmo 2 paralelo
Encontrando os caminhos com 20 threads
Numero de aneis encontrados: 1614
Algoritmo 2 Paralelo, Tempo: 6.112s

Encontrando os aneis com algoritmo 1 paralelo
Numero de aneis encontrados: 1614
Algoritmo 1 Paralelo, Tempo: 5.537s

Terminou!
Time difference = 32[s]
./a.out chacobo_fem.txt 2
Inicio
Encontrando os caminhos com 8 threads
Encontrando os aneis com algoritmo 2 linear(28)
 tempo_encontra_anel_aux 1.8322
 tempo_encontra_anel 62.954
 tempo_verifica_anel 51.4619
 tempo_procura_caminhos 0.13508
 tempo_copia_caminhos 0.33817
 tempo_sao_disjuntos 6.38219
Numero de aneis encontrados: 1780276
Algoritmo 2 Linear, Tempo: 69.72s

Encontrando os aneis com algoritmo 1 linear
Numero de aneis: 1780276
Algoritmo 1 Linear Com cores, Tempo: 82.737s

Encontrando os aneis com algoritmo 1 linear
Numero de aneis: 1780276
Algoritmo 1 Linear Sem Cores, Tempo: 641.751s

Encontrando os caminhos com 8 threads
Encontrando os aneis com algoritmo 3 (28threads)
Numero de aneis encontrados: 1780276
Algoritmo 3 Paralelo, Tempo: 58.159s

Encontrando os aneis com algoritmo 2 paralelo
Encontrando os caminhos com 20 threads
Numero de aneis encontrados: 1780276
Algoritmo 2 Paralelo, Tempo: 21.849s

Encontrando os aneis com algoritmo 1 paralelo
Numero de aneis encontrados: 1780276
Algoritmo 1 Paralelo, Tempo: 23.317s

Terminou!
Time difference = 900[s]
./a.out chacobo_mas.txt 1
Inicio
Encontrando os caminhos com 8 threads
Encontrando os aneis com algoritmo 2 linear(14)
 tempo_encontra_anel_aux 0.009679
 tempo_encontra_anel 0.050445
 tempo_verifica_anel 0.038797
 tempo_procura_caminhos 0.068143
 tempo_copia_caminhos 0.003893
 tempo_sao_disjuntos 0.010363
Numero de aneis encontrados: 1614
Algoritmo 2 Linear, Tempo: 3.688s

Encontrando os aneis com algoritmo 1 linear
Numero de aneis: 1614
Algoritmo 1 Linear Com cores, Tempo: 5.4s

Encontrando os aneis com algoritmo 1 linear
Numero de aneis: 1614
Algoritmo 1 Linear Sem Cores, Tempo: 6.301s

Encontrando os caminhos com 8 threads
Encontrando os aneis com algoritmo 3 (14threads)
Numero de aneis encontrados: 1614
Algoritmo 3 Paralelo, Tempo: 5.958s

Encontrando os aneis com algoritmo 2 paralelo
Encontrando os caminhos com 20 threads
Numero de aneis encontrados: 1614
Algoritmo 2 Paralelo, Tempo: 6.088s

Encontrando os aneis com algoritmo 1 paralelo
Numero de aneis encontrados: 1614
Algoritmo 1 Paralelo, Tempo: 5.943s

Terminou!
Time difference = 33[s]
./a.out chacobo_mas.txt 2
Inicio
Encontrando os caminhos com 8 threads
Encontrando os aneis com algoritmo 2 linear(28)
 tempo_encontra_anel_aux 1.8024
 tempo_encontra_anel 63.4371
 tempo_verifica_anel 52.0393
 tempo_procura_caminhos 0.131871
 tempo_copia_caminhos 0.320859
 tempo_sao_disjuntos 6.33716
Numero de aneis encontrados: 1780276
Algoritmo 2 Linear, Tempo: 69.918s

Encontrando os aneis com algoritmo 1 linear
Numero de aneis: 1780276
Algoritmo 1 Linear Com cores, Tempo: 88.065s

Encontrando os aneis com algoritmo 1 linear
Numero de aneis: 1780276
Algoritmo 1 Linear Sem Cores, Tempo: 652.589s

Encontrando os caminhos com 8 threads
Encontrando os aneis com algoritmo 3 (28threads)
Numero de aneis encontrados: 1780276
Algoritmo 3 Paralelo, Tempo: 60.111s

Encontrando os aneis com algoritmo 2 paralelo
Encontrando os caminhos com 20 threads
Numero de aneis encontrados: 1780276
Algoritmo 2 Paralelo, Tempo: 21.236s

Encontrando os aneis com algoritmo 1 paralelo
Numero de aneis encontrados: 1780276
Algoritmo 1 Paralelo, Tempo: 22.704s

Terminou!
Time difference = 917[s]
./a.out deni.txt 1
Inicio
Encontrando os caminhos com 7 threads
Encontrando os aneis com algoritmo 2 linear(12)
 tempo_encontra_anel_aux 0.007289
 tempo_encontra_anel 0.028097
 tempo_verifica_anel 0.021782
 tempo_procura_caminhos 0.027455
 tempo_copia_caminhos 0.003583
 tempo_sao_disjuntos 0.006973
Numero de aneis encontrados: 918
Algoritmo 2 Linear, Tempo: 0.457s

Encontrando os aneis com algoritmo 1 linear
Numero de aneis: 918
Algoritmo 1 Linear Com cores, Tempo: 0.521s

Encontrando os aneis com algoritmo 1 linear
Numero de aneis: 918
Algoritmo 1 Linear Sem Cores, Tempo: 0.685s

Encontrando os caminhos com 7 threads
Encontrando os aneis com algoritmo 3 (12threads)
Numero de aneis encontrados: 918
Algoritmo 3 Paralelo, Tempo: 0.475s

Encontrando os aneis com algoritmo 2 paralelo
Encontrando os caminhos com 20 threads
Numero de aneis encontrados: 918
Algoritmo 2 Paralelo, Tempo: 0.534s

Encontrando os aneis com algoritmo 1 paralelo
Numero de aneis encontrados: 918
Algoritmo 1 Paralelo, Tempo: 0.586s

Terminou!
Time difference = 3[s]
./a.out deni.txt 2
Inicio
Encontrando os caminhos com 7 threads
Encontrando os aneis com algoritmo 2 linear(24)
 tempo_encontra_anel_aux 0.976742
 tempo_encontra_anel 12.1554
 tempo_verifica_anel 8.85012
 tempo_procura_caminhos 0.059465
 tempo_copia_caminhos 0.191914
 tempo_sao_disjuntos 1.51549
Numero de aneis encontrados: 320155
Algoritmo 2 Linear, Tempo: 14.324s

Encontrando os aneis com algoritmo 1 linear
Numero de aneis: 320155
Algoritmo 1 Linear Com cores, Tempo: 16.012s

Encontrando os aneis com algoritmo 1 linear
Numero de aneis: 320155
Algoritmo 1 Linear Sem Cores, Tempo: 139.072s

Encontrando os caminhos com 7 threads
Encontrando os aneis com algoritmo 3 (24threads)
Numero de aneis encontrados: 320155
Algoritmo 3 Paralelo, Tempo: 23.098s

Encontrando os aneis com algoritmo 2 paralelo
Encontrando os caminhos com 20 threads
Numero de aneis encontrados: 320155
Algoritmo 2 Paralelo, Tempo: 4.384s

Encontrando os aneis com algoritmo 1 paralelo
Numero de aneis encontrados: 320155
Algoritmo 1 Paralelo, Tempo: 4.437s

Terminou!
Time difference = 201[s]
./a.out EN4MaqPar.txt 1
Inicio
Encontrando os caminhos com 6 threads
Encontrando os aneis com algoritmo 2 linear(8)
 tempo_encontra_anel_aux 0.002697
 tempo_encontra_anel 0.002239
 tempo_verifica_anel 0.001761
 tempo_procura_caminhos 0.007492
 tempo_copia_caminhos 0.00159
 tempo_sao_disjuntos 0.00166
Numero de aneis encontrados: 16
Algoritmo 2 Linear, Tempo: 0.218s

Encontrando os aneis com algoritmo 1 linear
Numero de aneis: 16
Algoritmo 1 Linear Com cores, Tempo: 0.257s

Encontrando os aneis com algoritmo 1 linear
Numero de aneis: 16
Algoritmo 1 Linear Sem Cores, Tempo: 0.215s

Encontrando os caminhos com 6 threads
Encontrando os aneis com algoritmo 3 (8threads)
Numero de aneis encontrados: 16
Algoritmo 3 Paralelo, Tempo: 0.249s

Encontrando os aneis com algoritmo 2 paralelo
Encontrando os caminhos com 20 threads
Numero de aneis encontrados: 16
Algoritmo 2 Paralelo, Tempo: 0.351s

Encontrando os aneis com algoritmo 1 paralelo
Numero de aneis encontrados: 16
Algoritmo 1 Paralelo, Tempo: 0.319s

Terminou!
Time difference = 1[s]
./a.out EN4MaqPar.txt 2
Inicio
Encontrando os caminhos com 6 threads
Encontrando os aneis com algoritmo 2 linear(24)
 tempo_encontra_anel_aux 0.231768
 tempo_encontra_anel 0.147848
 tempo_verifica_anel 0.082304
 tempo_procura_caminhos 0.023186
 tempo_copia_caminhos 0.050633
 tempo_sao_disjuntos 0.067858
Numero de aneis encontrados: 2539
Algoritmo 2 Linear, Tempo: 0.805s

Encontrando os aneis com algoritmo 1 linear
Numero de aneis: 2539
Algoritmo 1 Linear Com cores, Tempo: 0.632s

Encontrando os aneis com algoritmo 1 linear
Numero de aneis: 2539
Algoritmo 1 Linear Sem Cores, Tempo: 1.785s

Encontrando os caminhos com 6 threads
Encontrando os aneis com algoritmo 3 (24threads)
Numero de aneis encontrados: 2539
Algoritmo 3 Paralelo, Tempo: 5.25s

Encontrando os aneis com algoritmo 2 paralelo
Encontrando os caminhos com 20 threads
Numero de aneis encontrados: 2539
Algoritmo 2 Paralelo, Tempo: 0.652s

Encontrando os aneis com algoritmo 1 paralelo
Numero de aneis encontrados: 2539
Algoritmo 1 Paralelo, Tempo: 0.464s

Terminou!
Time difference = 9[s]
./a.out im.txt 1
Inicio
Encontrando os caminhos com 6 threads
Encontrando os aneis com algoritmo 2 linear(10)
 tempo_encontra_anel_aux 0.004215
 tempo_encontra_anel 0.006708
 tempo_verifica_anel 0.005425
 tempo_procura_caminhos 0.00775
 tempo_copia_caminhos 0.002835
 tempo_sao_disjuntos 0.003322
Numero de aneis encontrados: 120
Algoritmo 2 Linear, Tempo: 0.191s

Encontrando os aneis com algoritmo 1 linear
Numero de aneis: 120
Algoritmo 1 Linear Com cores, Tempo: 0.224s

Encontrando os aneis com algoritmo 1 linear
Numero de aneis: 120
Algoritmo 1 Linear Sem Cores, Tempo: 0.186s

Encontrando os caminhos com 6 threads
Encontrando os aneis com algoritmo 3 (10threads)
Numero de aneis encontrados: 120
Algoritmo 3 Paralelo, Tempo: 0.189s

Encontrando os aneis com algoritmo 2 paralelo
Encontrando os caminhos com 20 threads
Numero de aneis encontrados: 120
Algoritmo 2 Paralelo, Tempo: 0.304s

Encontrando os aneis com algoritmo 1 paralelo
Numero de aneis encontrados: 120
Algoritmo 1 Paralelo, Tempo: 0.291s

Terminou!
Time difference = 1[s]
./a.out im.txt 2
Inicio
Encontrando os caminhos com 6 threads
Encontrando os aneis com algoritmo 2 linear(24)
 tempo_encontra_anel_aux 0.217078
 tempo_encontra_anel 0.294056
 tempo_verifica_anel 0.192887
 tempo_procura_caminhos 0.022099
 tempo_copia_caminhos 0.046449
 tempo_sao_disjuntos 0.084168
Numero de aneis encontrados: 6390
Algoritmo 2 Linear, Tempo: 0.886s

Encontrando os aneis com algoritmo 1 linear
Numero de aneis: 6390
Algoritmo 1 Linear Com cores, Tempo: 0.727s

Encontrando os aneis com algoritmo 1 linear
Numero de aneis: 6390
Algoritmo 1 Linear Sem Cores, Tempo: 3.964s

Encontrando os caminhos com 6 threads
Encontrando os aneis com algoritmo 3 (24threads)
Numero de aneis encontrados: 6390
Algoritmo 3 Paralelo, Tempo: 5.333s

Encontrando os aneis com algoritmo 2 paralelo
Encontrando os caminhos com 20 threads
Numero de aneis encontrados: 6390
Algoritmo 2 Paralelo, Tempo: 0.602s

Encontrando os aneis com algoritmo 1 paralelo
Numero de aneis encontrados: 6390
Algoritmo 1 Paralelo, Tempo: 0.485s

Terminou!
Time difference = 12[s]
./a.out kraho.txt 1
Inicio
Encontrando os caminhos com 7 threads
Encontrando os aneis com algoritmo 2 linear(12)
 tempo_encontra_anel_aux 0.007179
 tempo_encontra_anel 0.027512
 tempo_verifica_anel 0.021403
 tempo_procura_caminhos 0.052497
 tempo_copia_caminhos 0.003033
 tempo_sao_disjuntos 0.006572
Numero de aneis encontrados: 812
Algoritmo 2 Linear, Tempo: 1.112s

Encontrando os aneis com algoritmo 1 linear
Numero de aneis: 812
Algoritmo 1 Linear Com cores, Tempo: 1.258s

Encontrando os aneis com algoritmo 1 linear
Numero de aneis: 812
Algoritmo 1 Linear Sem Cores, Tempo: 1.742s

Encontrando os caminhos com 7 threads
Encontrando os aneis com algoritmo 3 (12threads)
Numero de aneis encontrados: 812
Algoritmo 3 Paralelo, Tempo: 1.325s

Encontrando os aneis com algoritmo 2 paralelo
Encontrando os caminhos com 20 threads
Numero de aneis encontrados: 812
Algoritmo 2 Paralelo, Tempo: 2.02s

Encontrando os aneis com algoritmo 1 paralelo
Numero de aneis encontrados: 812
Algoritmo 1 Paralelo, Tempo: 1.342s

Terminou!
Time difference = 8[s]
./a.out kraho.txt 2
Inicio
Encontrando os caminhos com 7 threads
Encontrando os aneis com algoritmo 2 linear(24)
 tempo_encontra_anel_aux 1.19776
 tempo_encontra_anel 17.0506
 tempo_verifica_anel 13.3294
 tempo_procura_caminhos 0.118857
 tempo_copia_caminhos 0.228285
 tempo_sao_disjuntos 1.98003
Numero de aneis encontrados: 353542
Algoritmo 2 Linear, Tempo: 20.292s

Encontrando os aneis com algoritmo 1 linear
Numero de aneis: 353542
Algoritmo 1 Linear Com cores, Tempo: 23.128s

Encontrando os aneis com algoritmo 1 linear
Numero de aneis: 353542
Algoritmo 1 Linear Sem Cores, Tempo: 185.03s

Encontrando os caminhos com 7 threads
Encontrando os aneis com algoritmo 3 (24threads)
Numero de aneis encontrados: 353542
Algoritmo 3 Paralelo, Tempo: 34.849s

Encontrando os aneis com algoritmo 2 paralelo
Encontrando os caminhos com 20 threads
Numero de aneis encontrados: 353542
Algoritmo 2 Paralelo, Tempo: 7.292s

Encontrando os aneis com algoritmo 1 paralelo
Numero de aneis encontrados: 353542
Algoritmo 1 Paralelo, Tempo: 6.776s

Terminou!
Time difference = 277[s]
./a.out marcapata.txt 1
Inicio
Encontrando os caminhos com 6 threads
Encontrando os aneis com algoritmo 2 linear(8)
 tempo_encontra_anel_aux 0.013388
 tempo_encontra_anel 0.005823
 tempo_verifica_anel 0.002903
 tempo_procura_caminhos 0.134677
 tempo_copia_caminhos 0.004517
 tempo_sao_disjuntos 0.004664
Numero de aneis encontrados: 30
Algoritmo 2 Linear, Tempo: 3.26s

Encontrando os aneis com algoritmo 1 linear
Numero de aneis: 30
Algoritmo 1 Linear Com cores, Tempo: 3.402s

Encontrando os aneis com algoritmo 1 linear
Numero de aneis: 30
Algoritmo 1 Linear Sem Cores, Tempo: 3.119s

Encontrando os caminhos com 6 threads
Encontrando os aneis com algoritmo 3 (8threads)
Numero de aneis encontrados: 30
Algoritmo 3 Paralelo, Tempo: 3.467s

Encontrando os aneis com algoritmo 2 paralelo
Encontrando os caminhos com 20 threads
Numero de aneis encontrados: 30
Algoritmo 2 Paralelo, Tempo: 3.514s

Encontrando os aneis com algoritmo 1 paralelo
Numero de aneis encontrados: 30
Algoritmo 1 Paralelo, Tempo: 2.861s

Terminou!
Time difference = 19[s]
./a.out marcapata.txt 2
Inicio
Encontrando os caminhos com 6 threads
Encontrando os aneis com algoritmo 2 linear(20)
 tempo_encontra_anel_aux 12.5527
 tempo_encontra_anel 2.39225
 tempo_verifica_anel 0.04593
 tempo_procura_caminhos 0.193876
 tempo_copia_caminhos 2.65457
 tempo_sao_disjuntos 2.7036
Numero de aneis encontrados: 2118
Algoritmo 2 Linear, Tempo: 29.143s

Encontrando os aneis com algoritmo 1 linear
Numero de aneis: 2118
Algoritmo 1 Linear Com cores, Tempo: 21.289s

Encontrando os aneis com algoritmo 1 linear
Numero de aneis: 2118
Algoritmo 1 Linear Sem Cores, Tempo: 22.626s

Encontrando os caminhos com 6 threads
Encontrando os aneis com algoritmo 3 (20threads)
Numero de aneis encontrados: 2118
Algoritmo 3 Paralelo, Tempo: 365.585s

Encontrando os aneis com algoritmo 2 paralelo
Encontrando os caminhos com 20 threads
Numero de aneis encontrados: 2118
Algoritmo 2 Paralelo, Tempo: 34.638s

Encontrando os aneis com algoritmo 1 paralelo
Numero de aneis encontrados: 2118
Algoritmo 1 Paralelo, Tempo: 21.105s

Terminou!
Time difference = 494[s]
./a.out mbya.txt 1
Inicio
Encontrando os caminhos com 6 threads
Encontrando os aneis com algoritmo 2 linear(8)
 tempo_encontra_anel_aux 0.0064
 tempo_encontra_anel 0.004151
 tempo_verifica_anel 0.003103
 tempo_procura_caminhos 0.039057
 tempo_copia_caminhos 0.003429
 tempo_sao_disjuntos 0.003509
Numero de aneis encontrados: 19
Algoritmo 2 Linear, Tempo: 0.851s

Encontrando os aneis com algoritmo 1 linear
Numero de aneis: 19
Algoritmo 1 Linear Com cores, Tempo: 1.007s

Encontrando os aneis com algoritmo 1 linear
Numero de aneis: 19
Algoritmo 1 Linear Sem Cores, Tempo: 0.976s

Encontrando os caminhos com 6 threads
Encontrando os aneis com algoritmo 3 (8threads)
Numero de aneis encontrados: 19
Algoritmo 3 Paralelo, Tempo: 1.029s

Encontrando os aneis com algoritmo 2 paralelo
Encontrando os caminhos com 20 threads
Numero de aneis encontrados: 19
Algoritmo 2 Paralelo, Tempo: 0.928s

Encontrando os aneis com algoritmo 1 paralelo
Numero de aneis encontrados: 19
Algoritmo 1 Paralelo, Tempo: 0.883s

Terminou!
Time difference = 5[s]
./a.out mbya.txt 2
Inicio
Encontrando os caminhos com 6 threads
Encontrando os aneis com algoritmo 2 linear(20)
 tempo_encontra_anel_aux 1.62489
 tempo_encontra_anel 0.338236
 tempo_verifica_anel 0.018464
 tempo_procura_caminhos 0.066024
 tempo_copia_caminhos 0.343382
 tempo_sao_disjuntos 0.35729
Numero de aneis encontrados: 620
Algoritmo 2 Linear, Tempo: 4.37s

Encontrando os aneis com algoritmo 1 linear
Numero de aneis: 620
Algoritmo 1 Linear Com cores, Tempo: 3.179s

Encontrando os aneis com algoritmo 1 linear
Numero de aneis: 620
Algoritmo 1 Linear Sem Cores, Tempo: 4.74s

Encontrando os caminhos com 6 threads
Encontrando os aneis com algoritmo 3 (20threads)
Numero de aneis encontrados: 620
Algoritmo 3 Paralelo, Tempo: 40.705s

Encontrando os aneis com algoritmo 2 paralelo
Encontrando os caminhos com 20 threads
Numero de aneis encontrados: 620
Algoritmo 2 Paralelo, Tempo: 4.305s

Encontrando os aneis com algoritmo 1 paralelo
Numero de aneis encontrados: 620
Algoritmo 1 Paralelo, Tempo: 3s

Terminou!
Time difference = 60[s]
./a.out xv.txt 1
Inicio
Encontrando os caminhos com 4 threads
Encontrando os aneis com algoritmo 2 linear(8)
 tempo_encontra_anel_aux 0.003775
 tempo_encontra_anel 0.003854
 tempo_verifica_anel 0.002936
 tempo_procura_caminhos 0.00473
 tempo_copia_caminhos 0.002093
 tempo_sao_disjuntos 0.002296
Numero de aneis encontrados: 56
Algoritmo 2 Linear, Tempo: 0.076s

Encontrando os aneis com algoritmo 1 linear
Numero de aneis: 56
Algoritmo 1 Linear Com cores, Tempo: 0.09s

Encontrando os aneis com algoritmo 1 linear
Numero de aneis: 56
Algoritmo 1 Linear Sem Cores, Tempo: 0.066s

Encontrando os caminhos com 4 threads
Encontrando os aneis com algoritmo 3 (8threads)
Numero de aneis encontrados: 56
Algoritmo 3 Paralelo, Tempo: 0.062s

Encontrando os aneis com algoritmo 2 paralelo
Encontrando os caminhos com 20 threads
Numero de aneis encontrados: 56
Algoritmo 2 Paralelo, Tempo: 0.104s

Encontrando os aneis com algoritmo 1 paralelo
Numero de aneis encontrados: 56
Algoritmo 1 Paralelo, Tempo: 0.102s

Terminou!
Time difference = 0[s]
./a.out xv.txt 2
Inicio
Encontrando os caminhos com 4 threads
Encontrando os aneis com algoritmo 2 linear(16)
 tempo_encontra_anel_aux 0.346029
 tempo_encontra_anel 0.264705
 tempo_verifica_anel 0.154465
 tempo_procura_caminhos 0.02047
 tempo_copia_caminhos 0.073783
 tempo_sao_disjuntos 0.110361
Numero de aneis encontrados: 7455
Algoritmo 2 Linear, Tempo: 1.01s

Encontrando os aneis com algoritmo 1 linear
Numero de aneis: 7455
Algoritmo 1 Linear Com cores, Tempo: 0.958s

Encontrando os aneis com algoritmo 1 linear
Numero de aneis: 7455
Algoritmo 1 Linear Sem Cores, Tempo: 2.306s

Encontrando os caminhos com 4 threads
Encontrando os aneis com algoritmo 3 (16threads)
Numero de aneis encontrados: 7455
Algoritmo 3 Paralelo, Tempo: 6.862s

Encontrando os aneis com algoritmo 2 paralelo
Encontrando os caminhos com 20 threads
Numero de aneis encontrados: 7455
Algoritmo 2 Paralelo, Tempo: 0.856s

Encontrando os aneis com algoritmo 1 paralelo
Numero de aneis encontrados: 7455
Algoritmo 1 Paralelo, Tempo: 0.551s

Terminou!
Time difference = 12[s]
./a.out zo.txt 1
Inicio
Encontrando os caminhos com 7 threads
Encontrando os aneis com algoritmo 2 linear(10)
 tempo_encontra_anel_aux 0.004387
 tempo_encontra_anel 0.004824
 tempo_verifica_anel 0.004004
 tempo_procura_caminhos 0.0105
 tempo_copia_caminhos 0.003013
 tempo_sao_disjuntos 0.003231
Numero de aneis encontrados: 57
Algoritmo 2 Linear, Tempo: 0.227s

Encontrando os aneis com algoritmo 1 linear
Numero de aneis: 57
Algoritmo 1 Linear Com cores, Tempo: 0.261s

Encontrando os aneis com algoritmo 1 linear
Numero de aneis: 57
Algoritmo 1 Linear Sem Cores, Tempo: 0.218s

Encontrando os caminhos com 7 threads
Encontrando os aneis com algoritmo 3 (10threads)
Numero de aneis encontrados: 57
Algoritmo 3 Paralelo, Tempo: 0.249s

Encontrando os aneis com algoritmo 2 paralelo
Encontrando os caminhos com 20 threads
Numero de aneis encontrados: 57
Algoritmo 2 Paralelo, Tempo: 0.388s

Encontrando os aneis com algoritmo 1 paralelo
Numero de aneis encontrados: 57
Algoritmo 1 Paralelo, Tempo: 0.335s

Terminou!
Time difference = 1[s]
./a.out zo.txt 2
Inicio
Encontrando os caminhos com 7 threads
Encontrando os aneis com algoritmo 2 linear(24)
 tempo_encontra_anel_aux 0.318067
 tempo_encontra_anel 0.186617
 tempo_verifica_anel 0.093436
 tempo_procura_caminhos 0.025231
 tempo_copia_caminhos 0.068714
 tempo_sao_disjuntos 0.092768
Numero de aneis encontrados: 2976
Algoritmo 2 Linear, Tempo: 1.044s

Encontrando os aneis com algoritmo 1 linear
Numero de aneis: 2976
Algoritmo 1 Linear Com cores, Tempo: 0.738s

Encontrando os aneis com algoritmo 1 linear
Numero de aneis: 2976
Algoritmo 1 Linear Sem Cores, Tempo: 3.398s

Encontrando os caminhos com 7 threads
Encontrando os aneis com algoritmo 3 (24threads)
Numero de aneis encontrados: 2976
Algoritmo 3 Paralelo, Tempo: 7.125s

Encontrando os aneis com algoritmo 2 paralelo
Encontrando os caminhos com 20 threads
Numero de aneis encontrados: 2976
Algoritmo 2 Paralelo, Tempo: 0.793s

Encontrando os aneis com algoritmo 1 paralelo
Numero de aneis encontrados: 2976
Algoritmo 1 Paralelo, Tempo: 0.569s

Terminou!
Time difference = 13[s]
