./a.out ap.txt 1
Inicio
Encontrando Juncoes 
Encontrando super e sob
Encontrando os casamentos
Encontrando as combinacoes destes casamentos: 290
Pares de vertices encontrados: 136
Encontrando os caminhos com 7 threads
Encontrando os aneis com 1 thread(10)
 tempo_encontra_anel_aux 0.001744
 tempo_encontra_anel 0.001621
 tempo_verifica_anel 0.001322
 tempo_procura_caminhos 3.01174
 tempo_copia_caminhos 0.001052
 tempo_sao_disjuntos 0.001141
Numero de aneis encontrados: 78
Encontrou semi_paralelos, Tempo: 821ms

Numero de aneis: 78
Encontrou linear, Tempo: 2073ms

Encontrando Juncoes 
Encontrando super e sob
Encontrando os casamentos
Encontrando as combinacoes destes casamentos: 290
Pares de vertices encontrados: 136
Encontrando os caminhos com 7 threads
Encontrando os aneis com 10 threads
Utilizando todas as threads de uma vez
Inicializando thread 1
Inicializando thread 2
Inicializando thread 3
Inicializando thread 4
Inicializando thread 5
Inicializando thread 6
Inicializando thread 7
Inicializando thread 8
Inicializando thread 9
Inicializando thread 10
Terminou de encontrar aneis com 6 cores
Terminou de encontrar aneis com 5 cores
Terminou de encontrar aneis com 1 cores
Terminou de encontrar aneis com 7 cores
Terminou de encontrar aneis com 8 cores
Terminou de encontrar aneis com 9 cores
Terminou de encontrar aneis com 2 cores
Terminou de encontrar aneis com 10 cores
Terminou de encontrar aneis com 4 cores
Terminou de encontrar aneis com 3 cores
Numero de aneis encontrados: 77
Encontrou paralelos, Tempo: 842ms

Terminou!
Time difference = 3[s]
./a.out ap.txt 2
Inicio
Encontrando Juncoes 
Encontrando super e sob
Encontrando os casamentos
Encontrando as combinacoes destes casamentos: 290
Pares de vertices encontrados: 2288
Encontrando os caminhos com 7 threads
Encontrando os aneis com 1 thread(24)
 tempo_encontra_anel_aux 0.38284
 tempo_encontra_anel 0.106853
 tempo_verifica_anel 0.030724
 tempo_procura_caminhos 3.16151
 tempo_copia_caminhos 0.082154
 tempo_sao_disjuntos 0.094861
Numero de aneis encontrados: 1885
Encontrou semi_paralelos, Tempo: 1565ms

Numero de casamentos: 290
Numero de aneis: 1885
Encontrou linear, Tempo: 859ms

Encontrando Juncoes 
Encontrando super e sob
Encontrando os casamentos
Encontrando as combinacoes destes casamentos: 290
Pares de vertices encontrados: 2288
Encontrando os caminhos com 7 threads
Encontrando os aneis com 24 threads
Utilizando todas as threads de uma vez
Inicializando thread 1
Inicializando thread 2
Inicializando thread 3
Inicializando thread 4
Inicializando thread 5
Inicializando thread 6
Inicializando thread 7
Inicializando thread 8
Inicializando thread 9
Inicializando thread 10
Inicializando thread 11
Inicializando thread 12
Inicializando thread 13
Inicializando thread 14
Inicializando thread 15
Inicializando thread 16
Inicializando thread 17
Inicializando thread 18
Inicializando thread 19
Inicializando thread 20
Inicializando thread 21
Inicializando thread 22
Inicializando thread 23
Inicializando thread 24
Terminou de encontrar aneis com 3 cores
Terminou de encontrar aneis com 1 cores
Terminou de encontrar aneis com 2 cores
Terminou de encontrar aneis com 16 cores
Terminou de encontrar aneis com 24 cores
Terminou de encontrar aneis com 13 cores
Terminou de encontrar aneis com 6 cores
Terminou de encontrar aneis com 18 cores
Terminou de encontrar aneis com 15 cores
Terminou de encontrar aneis com 20 cores
Terminou de encontrar aneis com 9 cores
Terminou de encontrar aneis com 5 cores
Terminou de encontrar aneis com 14 cores
Terminou de encontrar aneis com 8 cores
Terminou de encontrar aneis com 11 cores
Terminou de encontrar aneis com 21 cores
Terminou de encontrar aneis com 17 cores
Terminou de encontrar aneis com 10 cores
Terminou de encontrar aneis com 23 cores
Terminou de encontrar aneis com 22 cores
Terminou de encontrar aneis com 4 cores
Terminou de encontrar aneis com 12 cores
Terminou de encontrar aneis com 19 cores
Terminou de encontrar aneis com 7 cores
Numero de aneis encontrados: 1885
Encontrou paralelos, Tempo: 3220ms

Terminou!
Time difference = 5[s]
./a.out Arara4MaqPar.txt 1
Inicio
Casamento entre pais e filhos: 102 e 107
Casamento entre pais e filhos: 106 e 113
Casamento entre pais e filhos: 103 e 106
Encontrando Juncoes 
Encontrando super e sob
Encontrando os casamentos
Encontrando as combinacoes destes casamentos: 104
Pares de vertices encontrados: 436
Encontrando os caminhos com 4 threads
Encontrando os aneis com 1 thread(6)
 tempo_encontra_anel_aux 0.001542
 tempo_encontra_anel 0.00453
 tempo_verifica_anel 0.003508
 tempo_procura_caminhos 0.05609
 tempo_copia_caminhos 0.000987
 tempo_sao_disjuntos 0.001546
Numero de aneis encontrados: 520
Encontrou semi_paralelos, Tempo: 70ms

Numero de aneis: 520
Encontrou linear, Tempo: 139ms

Encontrando Juncoes 
Encontrando super e sob
Encontrando os casamentos
Encontrando as combinacoes destes casamentos: 104
Pares de vertices encontrados: 436
Encontrando os caminhos com 4 threads
Encontrando os aneis com 6 threads
Utilizando todas as threads de uma vez
Inicializando thread 1
Inicializando thread 2
Inicializando thread 3
Inicializando thread 4
Inicializando thread 5
Inicializando thread 6
Terminou de encontrar aneis com Terminou de encontrar aneis com Terminou de encontrar aneis com 6 cores
5 cores
4 cores
Terminou de encontrar aneis com 1 cores
Terminou de encontrar aneis com 3 cores
Terminou de encontrar aneis com 2 cores
Numero de aneis encontrados: 517
Encontrou paralelos, Tempo: 92ms

Terminou!
Time difference = 0[s]
./a.out Arara4MaqPar.txt 2
Inicio
Casamento entre pais e filhos: 102 e 107
Casamento entre pais e filhos: 106 e 113
Casamento entre pais e filhos: 103 e 106
Encontrando Juncoes 
Encontrando super e sob
Encontrando os casamentos
Encontrando as combinacoes destes casamentos: 104
Pares de vertices encontrados: 1163
Encontrando os caminhos com 4 threads
Encontrando os aneis com 1 thread(6)
 tempo_encontra_anel_aux 0.100525
 tempo_encontra_anel 1.91842
 tempo_verifica_anel 1.38012
 tempo_procura_caminhos 0.059613
 tempo_copia_caminhos 0.016016
 tempo_sao_disjuntos 0.211339
Numero de aneis encontrados: 110590
Encontrou semi_paralelos, Tempo: 2136ms

Numero de casamentos: 104
Numero de aneis: 110590
Encontrou linear, Tempo: 2325ms

Encontrando Juncoes 
Encontrando super e sob
Encontrando os casamentos
Encontrando as combinacoes destes casamentos: 104
Pares de vertices encontrados: 1163
Encontrando os caminhos com 4 threads
Encontrando os aneis com 6 threads
Utilizando todas as threads de uma vez
Inicializando thread 1
Inicializando thread 2
Inicializando thread 3
Inicializando thread 4
Inicializando thread 5
Inicializando thread 6
Terminou de encontrar aneis com 6 cores
Terminou de encontrar aneis com 1 cores
Terminou de encontrar aneis com 5 cores
Terminou de encontrar aneis com 4 cores
Terminou de encontrar aneis com 2 cores
Terminou de encontrar aneis com 3 cores
Numero de aneis encontrados: 110557
Encontrou paralelos, Tempo: 1732ms

Terminou!
Time difference = 6[s]
./a.out EN4MaqPar.txt 1
Inicio
Encontrando Juncoes 
Encontrando super e sob
Encontrando os casamentos
Encontrando as combinacoes destes casamentos: 170
Pares de vertices encontrados: 32
Encontrando os caminhos com 6 threads
Encontrando os aneis com 1 thread(8)
 tempo_encontra_anel_aux 0.001341
 tempo_encontra_anel 0.001116
 tempo_verifica_anel 0.000989
 tempo_procura_caminhos 0.926634
 tempo_copia_caminhos 0.000963
 tempo_sao_disjuntos 0.000977
Numero de aneis encontrados: 16
Encontrou semi_paralelos, Tempo: 353ms

Numero de aneis: 16
Encontrou linear, Tempo: 420ms

Encontrando Juncoes 
Encontrando super e sob
Encontrando os casamentos
Encontrando as combinacoes destes casamentos: 170
Pares de vertices encontrados: 32
Encontrando os caminhos com 6 threads
Encontrando os aneis com 8 threads
Utilizando todas as threads de uma vez
Inicializando thread 1
Inicializando thread 2
Inicializando thread 3
Inicializando thread 4
Inicializando thread 5
Inicializando thread 6
Inicializando thread 7
Inicializando thread 8
Terminou de encontrar aneis com 3 cores
Terminou de encontrar aneis com 6 cores
Terminou de encontrar aneis com 5 cores
Terminou de encontrar aneis com 4 cores
Terminou de encontrar aneis com 2 cores
Terminou de encontrar aneis com 1 cores
Terminou de encontrar aneis com 7 cores
Terminou de encontrar aneis com 8 cores
Numero de aneis encontrados: 16
Encontrou paralelos, Tempo: 357ms

Terminou!
Time difference = 1[s]
./a.out EN4MaqPar.txt 2
Inicio
Encontrando Juncoes 
Encontrando super e sob
Encontrando os casamentos
Encontrando as combinacoes destes casamentos: 170
Pares de vertices encontrados: 2442
Encontrando os caminhos com 6 threads
Encontrando os aneis com 1 thread(20)
 tempo_encontra_anel_aux 0.13475
 tempo_encontra_anel 0.061774
 tempo_verifica_anel 0.030713
 tempo_procura_caminhos 0.820187
 tempo_copia_caminhos 0.028792
 tempo_sao_disjuntos 0.039296
Numero de aneis encontrados: 2519
Encontrou semi_paralelos, Tempo: 589ms

Numero de casamentos: 170
Numero de aneis: 2539
Encontrou linear, Tempo: 422ms

Encontrando Juncoes 
Encontrando super e sob
Encontrando os casamentos
Encontrando as combinacoes destes casamentos: 170
Pares de vertices encontrados: 2442
Encontrando os caminhos com 6 threads
Encontrando os aneis com 20 threads
Utilizando todas as threads de uma vez
Inicializando thread 1
Inicializando thread 2
Inicializando thread 3
Inicializando thread 4
Inicializando thread 5
Inicializando thread 6
Inicializando thread 7
Inicializando thread 8
Inicializando thread 9
Inicializando thread 10
Inicializando thread 11
Inicializando thread 12
Inicializando thread 13
Inicializando thread 14
Inicializando thread 15
Inicializando thread 16
Inicializando thread 17
Inicializando thread 18
Inicializando thread 19
Inicializando thread 20
Terminou de encontrar aneis com 1 cores
Terminou de encontrar aneis com 3 cores
Terminou de encontrar aneis com 18 cores
Terminou de encontrar aneis com 2 cores
Terminou de encontrar aneis com 5 cores
Terminou de encontrar aneis com 9 cores
Terminou de encontrar aneis com 12 cores
Terminou de encontrar aneis com 7 cores
Terminou de encontrar aneis com 16 cores
Terminou de encontrar aneis com 11 cores
Terminou de encontrar aneis com 6 cores
Terminou de encontrar aneis com 17 cores
Terminou de encontrar aneis com 8 cores
Terminou de encontrar aneis com 13 cores
Terminou de encontrar aneis com 15 cores
Terminou de encontrar aneis com 19 cores
Terminou de encontrar aneis com 10 cores
Terminou de encontrar aneis com 14 cores
Terminou de encontrar aneis com 4 cores
Terminou de encontrar aneis com 20 cores
Numero de aneis encontrados: 2519
Encontrou paralelos, Tempo: 1042ms

Terminou!
Time difference = 2[s]
./a.out im.txt 1
Inicio
Encontrando Juncoes 
Encontrando super e sob
Encontrando os casamentos
Encontrando as combinacoes destes casamentos: 177
Pares de vertices encontrados: 220
Encontrando os caminhos com 6 threads
Encontrando os aneis com 1 thread(10)
 tempo_encontra_anel_aux 0.001485
 tempo_encontra_anel 0.00195
 tempo_verifica_anel 0.001622
 tempo_procura_caminhos 0.498926
 tempo_copia_caminhos 0.001016
 tempo_sao_disjuntos 0.001177
Numero de aneis encontrados: 120
Encontrou semi_paralelos, Tempo: 220ms

Numero de aneis: 120
Encontrou linear, Tempo: 397ms

Encontrando Juncoes 
Encontrando super e sob
Encontrando os casamentos
Encontrando as combinacoes destes casamentos: 177
Pares de vertices encontrados: 220
Encontrando os caminhos com 6 threads
Encontrando os aneis com 10 threads
Utilizando todas as threads de uma vez
Inicializando thread 1
Inicializando thread 2
Inicializando thread 3
Inicializando thread 4
Inicializando thread 5
Inicializando thread 6
Inicializando thread 7
Inicializando thread 8
Inicializando thread 9
Inicializando thread 10
Terminou de encontrar aneis com 6 cores
Terminou de encontrar aneis com 5 cores
Terminou de encontrar aneis com 1 cores
Terminou de encontrar aneis com 7 cores
Terminou de encontrar aneis com 8 cores
Terminou de encontrar aneis com 9 cores
Terminou de encontrar aneis com 10 cores
Terminou de encontrar aneis com 2 cores
Terminou de encontrar aneis com 4 cores
Terminou de encontrar aneis com 3 cores
Numero de aneis encontrados: 118
Encontrou paralelos, Tempo: 226ms

Terminou!
Time difference = 0[s]
./a.out im.txt 2
Inicio
Encontrando Juncoes 
Encontrando super e sob
Encontrando os casamentos
Encontrando as combinacoes destes casamentos: 177
Pares de vertices encontrados: 2030
Encontrando os caminhos com 6 threads
Encontrando os aneis com 1 thread(20)
 tempo_encontra_anel_aux 0.159081
 tempo_encontra_anel 0.141246
 tempo_verifica_anel 0.085034
 tempo_procura_caminhos 0.515555
 tempo_copia_caminhos 0.033209
 tempo_sao_disjuntos 0.057243
Numero de aneis encontrados: 6390
Encontrou semi_paralelos, Tempo: 598ms

Numero de casamentos: 177
Numero de aneis: 6390
Encontrou linear, Tempo: 528ms

Encontrando Juncoes 
Encontrando super e sob
Encontrando os casamentos
Encontrando as combinacoes destes casamentos: 177
Pares de vertices encontrados: 2030
Encontrando os caminhos com 6 threads
Encontrando os aneis com 20 threads
Utilizando todas as threads de uma vez
Inicializando thread 1
Inicializando thread 2
Inicializando thread 3
Inicializando thread 4
Inicializando thread 5
Inicializando thread 6
Inicializando thread 7
Inicializando thread 8
Inicializando thread 9
Inicializando thread 10
Inicializando thread 11
Inicializando thread 12
Inicializando thread 13
Inicializando thread 14
Inicializando thread 15
Inicializando thread 16
Inicializando thread 17
Inicializando thread 18
Inicializando thread 19
Inicializando thread 20
Terminou de encontrar aneis com 13 cores
Terminou de encontrar aneis com 4 cores
Terminou de encontrar aneis com 1 cores
Terminou de encontrar aneis com 20 cores
Terminou de encontrar aneis com 3 cores
Terminou de encontrar aneis com 17 cores
Terminou de encontrar aneis com 12 cores
Terminou de encontrar aneis com 2 cores
Terminou de encontrar aneis com 6 cores
Terminou de encontrar aneis com 15 cores
Terminou de encontrar aneis com 10 cores
Terminou de encontrar aneis com 7 cores
Terminou de encontrar aneis com 9 cores
Terminou de encontrar aneis com 11 cores
Terminou de encontrar aneis com 14 cores
Terminou de encontrar aneis com 18 cores
Terminou de encontrar aneis com 8 cores
Terminou de encontrar aneis com 16 cores
Terminou de encontrar aneis com 5 cores
Terminou de encontrar aneis com 19 cores
Numero de aneis encontrados: 6388
Encontrou paralelos, Tempo: 1010ms

Terminou!
Time difference = 2[s]
./a.out xv.txt 1
Inicio
Encontrando Juncoes 
Encontrando super e sob
Encontrando os casamentos
Encontrando as combinacoes destes casamentos: 254
Pares de vertices encontrados: 98
Encontrando os caminhos com 4 threads
Encontrando os aneis com 1 thread(6)
 tempo_encontra_anel_aux 0.001566
 tempo_encontra_anel 0.001415
 tempo_verifica_anel 0.001175
 tempo_procura_caminhos 0.07085
 tempo_copia_caminhos 0.001005
 tempo_sao_disjuntos 0.00109
Numero de aneis encontrados: 49
Encontrou semi_paralelos, Tempo: 54ms

Numero de aneis: 56
Encontrou linear, Tempo: 166ms

Encontrando Juncoes 
Encontrando super e sob
Encontrando os casamentos
Encontrando as combinacoes destes casamentos: 254
Pares de vertices encontrados: 98
Encontrando os caminhos com 4 threads
Encontrando os aneis com 6 threads
Utilizando todas as threads de uma vez
Inicializando thread 1
Inicializando thread 2
Inicializando thread 3
Inicializando thread 4
Inicializando thread 5
Inicializando thread 6
Terminou de encontrar aneis com 1 cores
Terminou de encontrar aneis com 6 cores
Terminou de encontrar aneis com 5 cores
Terminou de encontrar aneis com 2 cores
Terminou de encontrar aneis com 3 cores
Terminou de encontrar aneis com 4 cores
Numero de aneis encontrados: 49
Encontrou paralelos, Tempo: 61ms

Terminou!
Time difference = 0[s]
./a.out xv.txt 2
Inicio
Encontrando Juncoes 
Encontrando super e sob
Encontrando os casamentos
Encontrando as combinacoes destes casamentos: 254
Pares de vertices encontrados: 2809
Encontrando os caminhos com 4 threads
Encontrando os aneis com 1 thread(12)
 tempo_encontra_anel_aux 0.299533
 tempo_encontra_anel 0.146177
 tempo_verifica_anel 0.073413
 tempo_procura_caminhos 0.07421
 tempo_copia_caminhos 0.062811
 tempo_sao_disjuntos 0.089315
Numero de aneis encontrados: 6345
Encontrou semi_paralelos, Tempo: 700ms

Numero de casamentos: 254
Numero de aneis: 7455
Encontrou linear, Tempo: 678ms

Encontrando Juncoes 
Encontrando super e sob
Encontrando os casamentos
Encontrando as combinacoes destes casamentos: 254
Pares de vertices encontrados: 2809
Encontrando os caminhos com 4 threads
Encontrando os aneis com 12 threads
Utilizando todas as threads de uma vez
Inicializando thread 1
Inicializando thread 2
Inicializando thread 3
Inicializando thread 4
Inicializando thread 5
Inicializando thread 6
Inicializando thread 7
Inicializando thread 8
Inicializando thread 9
Inicializando thread 10
Inicializando thread 11
Inicializando thread 12
Terminou de encontrar aneis com 11 cores
Terminou de encontrar aneis com 12 cores
Terminou de encontrar aneis com 10 cores
Terminou de encontrar aneis com 1 cores
Terminou de encontrar aneis com 2 cores
Terminou de encontrar aneis com 9 cores
Terminou de encontrar aneis com 3 cores
Terminou de encontrar aneis com 7 cores
Terminou de encontrar aneis com 8 cores
Terminou de encontrar aneis com 4 cores
Terminou de encontrar aneis com 5 cores
Terminou de encontrar aneis com 6 cores
Numero de aneis encontrados: 6344
Encontrou paralelos, Tempo: 1039ms

Terminou!
Time difference = 2[s]
./a.out zo.txt 1
Inicio
Encontrando Juncoes 
Encontrando super e sob
Encontrando os casamentos
Encontrando as combinacoes destes casamentos: 201
Pares de vertices encontrados: 112
Encontrando os caminhos com 7 threads
Encontrando os aneis com 1 thread(10)
 tempo_encontra_anel_aux 0.001499
 tempo_encontra_anel 0.001481
 tempo_verifica_anel 0.001265
 tempo_procura_caminhos 1.23397
 tempo_copia_caminhos 0.001031
 tempo_sao_disjuntos 0.001124
Numero de aneis encontrados: 57
Encontrou semi_paralelos, Tempo: 355ms

Numero de aneis: 57
Encontrou linear, Tempo: 516ms

Encontrando Juncoes 
Encontrando super e sob
Encontrando os casamentos
Encontrando as combinacoes destes casamentos: 201
Pares de vertices encontrados: 112
Encontrando os caminhos com 7 threads
Encontrando os aneis com 10 threads
Utilizando todas as threads de uma vez
Inicializando thread 1
Inicializando thread 2
Inicializando thread 3
Inicializando thread 4
Inicializando thread 5
Inicializando thread 6
Inicializando thread 7
Inicializando thread 8
Inicializando thread 9
Inicializando thread 10
Terminou de encontrar aneis com 6 cores
Terminou de encontrar aneis com 5 cores
Terminou de encontrar aneis com 1 cores
Terminou de encontrar aneis com 3 cores
Terminou de encontrar aneis com 8 cores
Terminou de encontrar aneis com 7 cores
Terminou de encontrar aneis com 2 cores
Terminou de encontrar aneis com 4 cores
Terminou de encontrar aneis com 9 cores
Terminou de encontrar aneis com 10 cores
Numero de aneis encontrados: 56
Encontrou paralelos, Tempo: 367ms

Terminou!
Time difference = 1[s]
./a.out zo.txt 2
Inicio
Encontrando Juncoes 
Encontrando super e sob
Encontrando os casamentos
Encontrando as combinacoes destes casamentos: 201
Pares de vertices encontrados: 2026
Encontrando os caminhos com 7 threads
Encontrando os aneis com 1 thread(24)
 tempo_encontra_anel_aux 0.186654
 tempo_encontra_anel 0.079751
 tempo_verifica_anel 0.036945
 tempo_procura_caminhos 1.13264
 tempo_copia_caminhos 0.039498
 tempo_sao_disjuntos 0.054363
Numero de aneis encontrados: 2976
Encontrou semi_paralelos, Tempo: 745ms

Numero de casamentos: 201
Numero de aneis: 2976
Encontrou linear, Tempo: 529ms

Encontrando Juncoes 
Encontrando super e sob
Encontrando os casamentos
Encontrando as combinacoes destes casamentos: 201
Pares de vertices encontrados: 2026
Encontrando os caminhos com 7 threads
Encontrando os aneis com 24 threads
Utilizando todas as threads de uma vez
Inicializando thread 1
Inicializando thread 2
Inicializando thread 3
Inicializando thread 4
Inicializando thread 5
Inicializando thread 6
Inicializando thread 7
Inicializando thread 8
Inicializando thread 9
Inicializando thread 10
Inicializando thread 11
Inicializando thread 12
Inicializando thread 13
Inicializando thread 14
Inicializando thread 15
Inicializando thread 16
Inicializando thread 17
Inicializando thread 18
Inicializando thread 19
Inicializando thread 20
Inicializando thread 21
Inicializando thread 22
Inicializando thread 23
Inicializando thread 24
Terminou de encontrar aneis com 6 cores
Terminou de encontrar aneis com 13 cores
Terminou de encontrar aneis com 1 cores
Terminou de encontrar aneis com 4 cores
Terminou de encontrar aneis com 2 cores
Terminou de encontrar aneis com 18 cores
Terminou de encontrar aneis com 3 cores
Terminou de encontrar aneis com 20 cores
Terminou de encontrar aneis com 23 cores
Terminou de encontrar aneis com 5 cores
Terminou de encontrar aneis com 15 cores
Terminou de encontrar aneis com 12 cores
Terminou de encontrar aneis com 17 cores
Terminou de encontrar aneis com 16 cores
Terminou de encontrar aneis com 10 cores
Terminou de encontrar aneis com 14 cores
Terminou de encontrar aneis com 22 cores
Terminou de encontrar aneis com 21 cores
Terminou de encontrar aneis com 24 cores
Terminou de encontrar aneis com 8 cores
Terminou de encontrar aneis com 9 cores
Terminou de encontrar aneis com 7 cores
Terminou de encontrar aneis com 11 cores
Terminou de encontrar aneis com 19 cores
Numero de aneis encontrados: 2976
Encontrou paralelos, Tempo: 1503ms

Terminou!
Time difference = 2[s]
./a.out deni.txt 1
Inicio
Encontrando Juncoes 
Encontrando super e sob
Encontrando os casamentos
Encontrando as combinacoes destes casamentos: 333
Pares de vertices encontrados: 1098
Encontrando os caminhos com 7 threads
Encontrando os aneis com 1 thread(12)
 tempo_encontra_anel_aux 0.002791
 tempo_encontra_anel 0.008326
 tempo_verifica_anel 0.006416
 tempo_procura_caminhos 1.49931
 tempo_copia_caminhos 0.001192
 tempo_sao_disjuntos 0.002486
Numero de aneis encontrados: 918
Encontrou semi_paralelos, Tempo: 501ms

Numero de aneis: 918
Encontrou linear, Tempo: 1255ms

Encontrando Juncoes 
Encontrando super e sob
Encontrando os casamentos
Encontrando as combinacoes destes casamentos: 333
Pares de vertices encontrados: 1098
Encontrando os caminhos com 7 threads
Encontrando os aneis com 12 threads
Utilizando todas as threads de uma vez
Inicializando thread 1
Inicializando thread 2
Inicializando thread 3
Inicializando thread 4
Inicializando thread 5
Inicializando thread 6
Inicializando thread 7
Inicializando thread 8
Inicializando thread 9
Inicializando thread 10
Inicializando thread 11
Inicializando thread 12
Terminou de encontrar aneis com Terminou de encontrar aneis com Terminou de encontrar aneis com Terminou de encontrar aneis com Terminou de encontrar aneis com Terminou de encontrar aneis com 81112 cores
79 cores
10 cores
 cores
 cores
 cores
Terminou de encontrar aneis com 1 cores
Terminou de encontrar aneis com 6 cores
Terminou de encontrar aneis com 5 cores
Terminou de encontrar aneis com 2 cores
Terminou de encontrar aneis com 4 cores
Terminou de encontrar aneis com 3 cores
Numero de aneis encontrados: 913
Encontrou paralelos, Tempo: 590ms

Terminou!
Time difference = 2[s]
./a.out deni.txt 2
Inicio
Encontrando Juncoes 
Encontrando super e sob
Encontrando os casamentos
Encontrando as combinacoes destes casamentos: 333
Pares de vertices encontrados: 5375
Encontrando os caminhos com 7 threads
Encontrando os aneis com 1 thread(24)
 tempo_encontra_anel_aux 0.850623
 tempo_encontra_anel 7.13132
 tempo_verifica_anel 4.90747
 tempo_procura_caminhos 1.46789
 tempo_copia_caminhos 0.138881
 tempo_sao_disjuntos 1.07553
Numero de aneis encontrados: 320155
Encontrou semi_paralelos, Tempo: 8944ms

Numero de casamentos: 333
Numero de aneis: 320155
Encontrou linear, Tempo: 10061ms

Encontrando Juncoes 
Encontrando super e sob
Encontrando os casamentos
Encontrando as combinacoes destes casamentos: 333
Pares de vertices encontrados: 5375
Encontrando os caminhos com 7 threads
Encontrando os aneis com 24 threads
Utilizando todas as threads de uma vez
Inicializando thread 1
Inicializando thread 2
Inicializando thread 3
Inicializando thread 4
Inicializando thread 5
Inicializando thread 6
Inicializando thread 7
Inicializando thread 8
Inicializando thread 9
Inicializando thread 10
Inicializando thread 11
Inicializando thread 12
Inicializando thread 13
Inicializando thread 14
Inicializando thread 15
Inicializando thread 16
Inicializando thread 17
Inicializando thread 18
Inicializando thread 19
Inicializando thread 20
Inicializando thread 21
Inicializando thread 22
Inicializando thread 23
Inicializando thread 24
Terminou de encontrar aneis com 1 cores
Terminou de encontrar aneis com 16 cores
Terminou de encontrar aneis com 17 cores
Terminou de encontrar aneis com 15 cores
Terminou de encontrar aneis com 22 cores
Terminou de encontrar aneis com 23 cores
Terminou de encontrar aneis com 20 cores
Terminou de encontrar aneis com 24 cores
Terminou de encontrar aneis com 13 cores
Terminou de encontrar aneis com 14 cores
Terminou de encontrar aneis com 2 cores
Terminou de encontrar aneis com 21 cores
Terminou de encontrar aneis com 19 cores
Terminou de encontrar aneis com 18 cores
Terminou de encontrar aneis com 12 cores
Terminou de encontrar aneis com 11 cores
Terminou de encontrar aneis com 10 cores
Terminou de encontrar aneis com 9 cores
Terminou de encontrar aneis com 3 cores
Terminou de encontrar aneis com 8 cores
Terminou de encontrar aneis com 7 cores
Terminou de encontrar aneis com 4 cores
Terminou de encontrar aneis com 6 cores
Terminou de encontrar aneis com 5 cores
Numero de aneis encontrados: 319682
Encontrou paralelos, Tempo: 8927ms

Terminou!
Time difference = 27[s]
./a.out chacobo_fem.txt 1
Inicio
Encontrando Juncoes 
Encontrando super e sob
Encontrando os casamentos
Encontrando as combinacoes destes casamentos: 395
Pares de vertices encontrados: 1963
Encontrando os caminhos com 8 threads
Encontrando os aneis com 1 thread(14)
 tempo_encontra_anel_aux 0.004585
 tempo_encontra_anel 0.014287
 tempo_verifica_anel 0.010848
 tempo_procura_caminhos 4.79766
 tempo_copia_caminhos 0.001359
 tempo_sao_disjuntos 0.004502
Numero de aneis encontrados: 1614
Encontrou semi_paralelos, Tempo: 3132ms

Numero de aneis: 1614
Encontrou linear, Tempo: 4025ms

Encontrando Juncoes 
Encontrando super e sob
Encontrando os casamentos
Encontrando as combinacoes destes casamentos: 395
Pares de vertices encontrados: 1963
Encontrando os caminhos com 8 threads
Encontrando os aneis com 14 threads
Utilizando todas as threads de uma vez
Inicializando thread 1
Inicializando thread 2
Inicializando thread 3
Inicializando thread 4
Inicializando thread 5
Inicializando thread 6
Inicializando thread 7
Inicializando thread 8
Inicializando thread 9
Inicializando thread 10
Inicializando thread 11
Inicializando thread 12
Inicializando thread 13
Inicializando thread 14
Terminou de encontrar aneis com 3 cores
Terminou de encontrar aneis com 2 cores
Terminou de encontrar aneis com 1 cores
Terminou de encontrar aneis com 4 cores
Terminou de encontrar aneis com 11 cores
Terminou de encontrar aneis com 14 cores
Terminou de encontrar aneis com 5 cores
Terminou de encontrar aneis com 10 cores
Terminou de encontrar aneis com 7 cores
Terminou de encontrar aneis com 6 cores
Terminou de encontrar aneis com 13 cores
Terminou de encontrar aneis com 8 cores
Terminou de encontrar aneis com 9 cores
Terminou de encontrar aneis com 12 cores
Numero de aneis encontrados: 1608
Encontrou paralelos, Tempo: 4041ms

Terminou!
Time difference = 11[s]
./a.out chacobo_fem.txt 2
Inicio
Encontrando Juncoes 
Encontrando super e sob
Encontrando os casamentos
Encontrando as combinacoes destes casamentos: 395
Pares de vertices encontrados: 8554
Encontrando os caminhos com 8 threads
Encontrando os aneis com 1 thread(28)
 tempo_encontra_anel_aux 2.0132
 tempo_encontra_anel 35.5568
 tempo_verifica_anel 27.8917
 tempo_procura_caminhos 4.5328
 tempo_copia_caminhos 0.238326
 tempo_sao_disjuntos 4.61689
Numero de aneis encontrados: 1780276
Encontrou semi_paralelos, Tempo: 41549ms

Numero de casamentos: 395
Numero de aneis: 1780276
Encontrou linear, Tempo: 49661ms

Encontrando Juncoes 
Encontrando super e sob
Encontrando os casamentos
Encontrando as combinacoes destes casamentos: 395
Pares de vertices encontrados: 8554
Encontrando os caminhos com 8 threads
Encontrando os aneis com 28 threads
Utilizando todas as threads de uma vez
Inicializando thread 1
Inicializando thread 2
Inicializando thread 3
Inicializando thread 4
Inicializando thread 5
Inicializando thread 6
Inicializando thread 7
Inicializando thread 8
Inicializando thread 9
Inicializando thread 10
Inicializando thread 11
Inicializando thread 12
Inicializando thread 13
Inicializando thread 14
Inicializando thread 15
Inicializando thread 16
Inicializando thread 17
Inicializando thread 18
Inicializando thread 19
Inicializando thread 20
Inicializando thread 21
Inicializando thread 22
Inicializando thread 23
Inicializando thread 24
Inicializando thread 25
Inicializando thread 26
Inicializando thread 27
Inicializando thread 28
Terminou de encontrar aneis com 4 cores
Terminou de encontrar aneis com 2 cores
Terminou de encontrar aneis com 26 cores
Terminou de encontrar aneis com 3 cores
Terminou de encontrar aneis com 1 cores
Terminou de encontrar aneis com 5 cores
Terminou de encontrar aneis com 6 cores
Terminou de encontrar aneis com 27 cores
Terminou de encontrar aneis com 23 cores
Terminou de encontrar aneis com 22 cores
Terminou de encontrar aneis com 20 cores
Terminou de encontrar aneis com 28 cores
Terminou de encontrar aneis com 24 cores
Terminou de encontrar aneis com 25 cores
Terminou de encontrar aneis com 21 cores
Terminou de encontrar aneis com 7 cores
Terminou de encontrar aneis com 8 cores
Terminou de encontrar aneis com 19 cores
Terminou de encontrar aneis com 18 cores
Terminou de encontrar aneis com 9 cores
Terminou de encontrar aneis com 10 cores
Terminou de encontrar aneis com 12 cores
Terminou de encontrar aneis com 13 cores
Terminou de encontrar aneis com 11 cores
Terminou de encontrar aneis com 17 cores
Terminou de encontrar aneis com 16 cores
Terminou de encontrar aneis com 14 cores
Terminou de encontrar aneis com 15 cores
Numero de aneis encontrados: 1776275
Encontrou paralelos, Tempo: 39952ms

Terminou!
Time difference = 131[s]
./a.out chacobo_mas.txt 1
Inicio
Encontrando Juncoes 
Encontrando super e sob
Encontrando os casamentos
Encontrando as combinacoes destes casamentos: 395
Pares de vertices encontrados: 1963
Encontrando os caminhos com 8 threads
Encontrando os aneis com 1 thread(14)
 tempo_encontra_anel_aux 0.0061
 tempo_encontra_anel 0.015631
 tempo_verifica_anel 0.011754
 tempo_procura_caminhos 4.23801
 tempo_copia_caminhos 0.001621
 tempo_sao_disjuntos 0.005676
Numero de aneis encontrados: 1614
Encontrou semi_paralelos, Tempo: 3266ms

Numero de aneis: 1614
Encontrou linear, Tempo: 4841ms

Encontrando Juncoes 
Encontrando super e sob
Encontrando os casamentos
Encontrando as combinacoes destes casamentos: 395
Pares de vertices encontrados: 1963
Encontrando os caminhos com 8 threads
Encontrando os aneis com 14 threads
Utilizando todas as threads de uma vez
Inicializando thread 1
Inicializando thread 2
Inicializando thread 3
Inicializando thread 4
Inicializando thread 5
Inicializando thread 6
Inicializando thread 7
Inicializando thread 8
Inicializando thread 9
Inicializando thread 10
Inicializando thread 11
Inicializando thread 12
Inicializando thread 13
Inicializando thread 14
Terminou de encontrar aneis com 1 cores
Terminou de encontrar aneis com 3 cores
Terminou de encontrar aneis com 2 cores
Terminou de encontrar aneis com 4 cores
Terminou de encontrar aneis com 14 cores
Terminou de encontrar aneis com 5 cores
Terminou de encontrar aneis com 11 cores
Terminou de encontrar aneis com 10 cores
Terminou de encontrar aneis com 6 cores
Terminou de encontrar aneis com 8 cores
Terminou de encontrar aneis com 7 cores
Terminou de encontrar aneis com 13 cores
Terminou de encontrar aneis com 9 cores
Terminou de encontrar aneis com 12 cores
Numero de aneis encontrados: 1609
Encontrou paralelos, Tempo: 3779ms

Terminou!
Time difference = 11[s]
./a.out chacobo_mas.txt 2
Inicio
Encontrando Juncoes 
Encontrando super e sob
Encontrando os casamentos
Encontrando as combinacoes destes casamentos: 395
Pares de vertices encontrados: 8554
Encontrando os caminhos com 8 threads
Encontrando os aneis com 1 thread(28)
 tempo_encontra_anel_aux 2.59149
 tempo_encontra_anel 38.2731
 tempo_verifica_anel 29.6121
 tempo_procura_caminhos 4.67429
 tempo_copia_caminhos 0.360904
 tempo_sao_disjuntos 5.12574
Numero de aneis encontrados: 1780276
Encontrou semi_paralelos, Tempo: 45049ms

Numero de casamentos: 395
Numero de aneis: 1780276
Encontrou linear, Tempo: 55841ms

Encontrando Juncoes 
Encontrando super e sob
Encontrando os casamentos
Encontrando as combinacoes destes casamentos: 395
Pares de vertices encontrados: 8554
Encontrando os caminhos com 8 threads
Encontrando os aneis com 28 threads
Utilizando todas as threads de uma vez
Inicializando thread 1
Inicializando thread 2
Inicializando thread 3
Inicializando thread 4
Inicializando thread 5
Inicializando thread 6
Inicializando thread 7
Inicializando thread 8
Inicializando thread 9
Inicializando thread 10
Inicializando thread 11
Inicializando thread 12
Inicializando thread 13
Inicializando thread 14
Inicializando thread 15
Inicializando thread 16
Inicializando thread 17
Inicializando thread 18
Inicializando thread 19
Inicializando thread 20
Inicializando thread 21
Inicializando thread 22
Inicializando thread 23
Inicializando thread 24
Inicializando thread 25
Inicializando thread 26
Inicializando thread 27
Inicializando thread 28
Terminou de encontrar aneis com 4 cores
Terminou de encontrar aneis com 3 cores
Terminou de encontrar aneis com 22 cores
Terminou de encontrar aneis com 25 cores
Terminou de encontrar aneis com 20 cores
Terminou de encontrar aneis com 1 cores
Terminou de encontrar aneis com 2 cores
Terminou de encontrar aneis com 5 cores
Terminou de encontrar aneis com 24 cores
Terminou de encontrar aneis com 27 cores
Terminou de encontrar aneis com 6 cores
Terminou de encontrar aneis com 28 cores
Terminou de encontrar aneis com 21 cores
Terminou de encontrar aneis com 26 cores
Terminou de encontrar aneis com 23 cores
Terminou de encontrar aneis com 7 cores
Terminou de encontrar aneis com 19 cores
Terminou de encontrar aneis com 8 cores
Terminou de encontrar aneis com 9 cores
Terminou de encontrar aneis com 10 cores
Terminou de encontrar aneis com 18 cores
Terminou de encontrar aneis com 11 cores
Terminou de encontrar aneis com 12 cores
Terminou de encontrar aneis com 17 cores
Terminou de encontrar aneis com 13 cores
Terminou de encontrar aneis com 15 cores
Terminou de encontrar aneis com 16 cores
Terminou de encontrar aneis com 14 cores
Numero de aneis encontrados: 1775805
Encontrou paralelos, Tempo: 38460ms

Terminou!
Time difference = 139[s]
./a.out kraho.txt 1
Inicio
Encontrando Juncoes 
Encontrando super e sob
Encontrando os casamentos
Encontrando as combinacoes destes casamentos: 402
Pares de vertices encontrados: 972
Encontrando os caminhos com 7 threads
Encontrando os aneis com 1 thread(12)
 tempo_encontra_anel_aux 0.003438
 tempo_encontra_anel 0.009578
 tempo_verifica_anel 0.007436
 tempo_procura_caminhos 4.44887
 tempo_copia_caminhos 0.001386
 tempo_sao_disjuntos 0.003058
Numero de aneis encontrados: 812
Encontrou semi_paralelos, Tempo: 1726ms

Numero de aneis: 812
Encontrou linear, Tempo: 4545ms

Encontrando Juncoes 
Encontrando super e sob
Encontrando os casamentos
Encontrando as combinacoes destes casamentos: 402
Pares de vertices encontrados: 972
Encontrando os caminhos com 7 threads
Encontrando os aneis com 12 threads
Utilizando todas as threads de uma vez
Inicializando thread 1
Inicializando thread 2
Inicializando thread 3
Inicializando thread 4
Inicializando thread 5
Inicializando thread 6
Inicializando thread 7
Inicializando thread 8
Inicializando thread 9
Inicializando thread 10
Inicializando thread 11
Inicializando thread 12
Terminou de encontrar aneis com 1 cores
Terminou de encontrar aneis com 12 cores
Terminou de encontrar aneis com 9 cores
Terminou de encontrar aneis com 2 cores
Terminou de encontrar aneis com 10 cores
Terminou de encontrar aneis com 8 cores
Terminou de encontrar aneis com 7 cores
Terminou de encontrar aneis com 3 cores
Terminou de encontrar aneis com 4 cores
Terminou de encontrar aneis com 5 cores
Terminou de encontrar aneis com 6 cores
Terminou de encontrar aneis com 11 cores
Numero de aneis encontrados: 809
Encontrou paralelos, Tempo: 1839ms

Terminou!
Time difference = 8[s]
./a.out kraho.txt 2
Inicio
Encontrando Juncoes 
Encontrando super e sob
Encontrando os casamentos
Encontrando as combinacoes destes casamentos: 402
Pares de vertices encontrados: 8719
Encontrando os caminhos com 7 threads
Encontrando os aneis com 1 thread(24)
 tempo_encontra_anel_aux 1.24708
 tempo_encontra_anel 10.6502
 tempo_verifica_anel 7.86814
 tempo_procura_caminhos 4.48944
 tempo_copia_caminhos 0.216829
 tempo_sao_disjuntos 1.56301
Numero de aneis encontrados: 353542
Encontrou semi_paralelos, Tempo: 13999ms

Numero de casamentos: 402
Numero de aneis: 353542
Encontrou linear, Tempo: 15182ms

Encontrando Juncoes 
Encontrando super e sob
Encontrando os casamentos
Encontrando as combinacoes destes casamentos: 402
Pares de vertices encontrados: 8719
Encontrando os caminhos com 7 threads
Encontrando os aneis com 24 threads
Utilizando todas as threads de uma vez
Inicializando thread 1
Inicializando thread 2
Inicializando thread 3
Inicializando thread 4
Inicializando thread 5
Inicializando thread 6
Inicializando thread 7
Inicializando thread 8
Inicializando thread 9
Inicializando thread 10
Inicializando thread 11
Inicializando thread 12
Inicializando thread 13
Inicializando thread 14
Inicializando thread 15
Inicializando thread 16
Inicializando thread 17
Inicializando thread 18
Inicializando thread 19
Inicializando thread 20
Inicializando thread 21
Inicializando thread 22
Inicializando thread 23
Inicializando thread 24
Terminou de encontrar aneis com 22 cores
Terminou de encontrar aneis com 2 cores
Terminou de encontrar aneis com 1 cores
Terminou de encontrar aneis com 21 cores
Terminou de encontrar aneis com 20 cores
Terminou de encontrar aneis com 16 cores
Terminou de encontrar aneis com 3 cores
Terminou de encontrar aneis com 13 cores
Terminou de encontrar aneis com 23 cores
Terminou de encontrar aneis com 18 cores
Terminou de encontrar aneis com 14 cores
Terminou de encontrar aneis com 19 cores
Terminou de encontrar aneis com 17 cores
Terminou de encontrar aneis com 15 cores
Terminou de encontrar aneis com 24 cores
Terminou de encontrar aneis com 4 cores
Terminou de encontrar aneis com 12 cores
Terminou de encontrar aneis com 11 cores
Terminou de encontrar aneis com 10 cores
Terminou de encontrar aneis com 5 cores
Terminou de encontrar aneis com 9 cores
Terminou de encontrar aneis com 6 cores
Terminou de encontrar aneis com 8 cores
Terminou de encontrar aneis com 7 cores
Numero de aneis encontrados: 353032
Encontrou paralelos, Tempo: 12873ms

Terminou!
Time difference = 42[s]
./a.out mbya.txt 1
Inicio
Encontrando Juncoes 
Encontrando super e sob
Encontrando os casamentos
Encontrando as combinacoes destes casamentos: 541
Pares de vertices encontrados: 38
Encontrando os caminhos com 6 threads
Encontrando os aneis com 1 thread(8)
 tempo_encontra_anel_aux 0.002435
 tempo_encontra_anel 0.001404
 tempo_verifica_anel 0.001048
 tempo_procura_caminhos 4.22652
 tempo_copia_caminhos 0.00121
 tempo_sao_disjuntos 0.001239
Numero de aneis encontrados: 19
Encontrou semi_paralelos, Tempo: 1424ms

Numero de aneis: 19
Encontrou linear, Tempo: 9147ms

Encontrando Juncoes 
Encontrando super e sob
Encontrando os casamentos
Encontrando as combinacoes destes casamentos: 541
Pares de vertices encontrados: 38
Encontrando os caminhos com 6 threads
Encontrando os aneis com 8 threads
Utilizando todas as threads de uma vez
Inicializando thread 1
Inicializando thread 2
Inicializando thread 3
Inicializando thread 4
Inicializando thread 5
Inicializando thread 6
Inicializando thread 7
Inicializando thread 8
Terminou de encontrar aneis com Terminou de encontrar aneis com 54Terminou de encontrar aneis com  cores
 cores
6 cores
Terminou de encontrar aneis com 3 cores
Terminou de encontrar aneis com 1 cores
Terminou de encontrar aneis com 2 cores
Terminou de encontrar aneis com 7 cores
Terminou de encontrar aneis com 8 cores
Numero de aneis encontrados: 19
Encontrou paralelos, Tempo: 1879ms

Terminou!
Time difference = 12[s]
./a.out mbya.txt 2
Inicio
Encontrando Juncoes 
Encontrando super e sob
Encontrando os casamentos
Encontrando as combinacoes destes casamentos: 541
Pares de vertices encontrados: 3307
Encontrando os caminhos com 6 threads
Encontrando os aneis com 1 thread(20)
 tempo_encontra_anel_aux 1.32707
 tempo_encontra_anel 0.232805
 tempo_verifica_anel 0.009435
 tempo_procura_caminhos 4.03313
 tempo_copia_caminhos 0.286507
 tempo_sao_disjuntos 0.298408
Numero de aneis encontrados: 620
Encontrou semi_paralelos, Tempo: 3816ms

Numero de casamentos: 541
Numero de aneis: 620
Encontrou linear, Tempo: 2068ms

Encontrando Juncoes 
Encontrando super e sob
Encontrando os casamentos
Encontrando as combinacoes destes casamentos: 541
Pares de vertices encontrados: 3307
Encontrando os caminhos com 6 threads
Encontrando os aneis com 20 threads
Utilizando todas as threads de uma vez
Inicializando thread 1
Inicializando thread 2
Inicializando thread 3
Inicializando thread 4
Inicializando thread 5
Inicializando thread 6
Inicializando thread 7
Inicializando thread 8
Inicializando thread 9
Inicializando thread 10
Inicializando thread 11
Inicializando thread 12
Inicializando thread 13
Inicializando thread 14
Inicializando thread 15
Inicializando thread 16
Inicializando thread 17
Inicializando thread 18
Inicializando thread 19
Inicializando thread 20
Terminou de encontrar aneis com 11 cores
Terminou de encontrar aneis com 6 cores
Terminou de encontrar aneis com 13 cores
Terminou de encontrar aneis com 20 cores
Terminou de encontrar aneis com 19 cores
Terminou de encontrar aneis com 3 cores
Terminou de encontrar aneis com 1 cores
Terminou de encontrar aneis com 15 cores
Terminou de encontrar aneis com 12 cores
Terminou de encontrar aneis com 18 cores
Terminou de encontrar aneis com 2 cores
Terminou de encontrar aneis com 7 cores
Terminou de encontrar aneis com 4 cores
Terminou de encontrar aneis com 17 cores
Terminou de encontrar aneis com 14 cores
Terminou de encontrar aneis com 10 cores
Terminou de encontrar aneis com 9 cores
Terminou de encontrar aneis com 16 cores
Terminou de encontrar aneis com 8 cores
Terminou de encontrar aneis com 5 cores
Numero de aneis encontrados: 620
Encontrou paralelos, Tempo: 8627ms

Terminou!
Time difference = 14[s]
./a.out marcapata.txt 1
Inicio
Casamento entre pais e filhos: 342 e 122
Casamento entre pais e filhos: 1490 e 1488
Casamento entre pais e filhos: 2119 e 1122
Encontrando Juncoes 
Encontrando super e sob
Encontrando os casamentos
Encontrando as combinacoes destes casamentos: 1587
Pares de vertices encontrados: 58
Encontrando os caminhos com 6 threads
Encontrando os aneis com 1 thread(8)
 tempo_encontra_anel_aux 0.005139
 tempo_encontra_anel 0.002121
 tempo_verifica_anel 0.001182
 tempo_procura_caminhos 16.4616
 tempo_copia_caminhos 0.001756
 tempo_sao_disjuntos 0.001787
Numero de aneis encontrados: 30
Encontrou semi_paralelos, Tempo: 6269ms

Numero de aneis: 30
Encontrou linear, Tempo: 77170ms

Encontrando Juncoes 
Encontrando super e sob
Encontrando os casamentos
Encontrando as combinacoes destes casamentos: 1587
Pares de vertices encontrados: 58
Encontrando os caminhos com 6 threads
Encontrando os aneis com 8 threads
Utilizando todas as threads de uma vez
Inicializando thread 1
Inicializando thread 2
Inicializando thread 3
Inicializando thread 4
Inicializando thread 5
Inicializando thread 6
Inicializando thread 7
Inicializando thread 8
Terminou de encontrar aneis com Terminou de encontrar aneis com Terminou de encontrar aneis com 3 cores
5 cores
6 cores
Terminou de encontrar aneis com 4 cores
Terminou de encontrar aneis com 2 cores
Terminou de encontrar aneis com 1 cores
Terminou de encontrar aneis com 8 cores
Terminou de encontrar aneis com 7 cores
Numero de aneis encontrados: 30
Encontrou paralelos, Tempo: 5010ms

Terminou!
Time difference = 88[s]
./a.out marcapata.txt 2 1 6
Inicio
Casamento entre pais e filhos: 342 e 122
Casamento entre pais e filhos: 1490 e 1488
Casamento entre pais e filhos: 2119 e 1122
Encontrando Juncoes 
Encontrando super e sob
Encontrando os casamentos
Encontrando as combinacoes destes casamentos: 1587
Pares de vertices encontrados: 10220
Encontrando os caminhos com 6 threads
Encontrando os aneis com 6 threads
Utilizando todas as threads de uma vez
Inicializando thread 1
Inicializando thread 2
Inicializando thread 3
Inicializando thread 4
Inicializando thread 5
Inicializando thread 6
Terminou de encontrar aneis com 2 cores
Terminou de encontrar aneis com 6 cores
Terminou de encontrar aneis com 4 cores
Terminou de encontrar aneis com 1 cores
Terminou de encontrar aneis com 3 cores
Terminou de encontrar aneis com 5 cores
Numero de aneis encontrados: 2118
Encontrou paralelos, Tempo: 24532ms

Terminou!
Time difference = 24[s]
./a.out marcapata.txt 2
Inicio
Casamento entre pais e filhos: 342 e 122
Casamento entre pais e filhos: 1490 e 1488
Casamento entre pais e filhos: 2119 e 1122
Encontrando Juncoes 
Encontrando super e sob
Encontrando os casamentos
Encontrando as combinacoes destes casamentos: 1587
Pares de vertices encontrados: 10220
Encontrando os caminhos com 6 threads
Encontrando os aneis com 1 thread(20)
 tempo_encontra_anel_aux 11.0552
 tempo_encontra_anel 1.8695
 tempo_verifica_anel 0.027661
 tempo_procura_caminhos 14.9219
 tempo_copia_caminhos 2.40521
 tempo_sao_disjuntos 2.41199
Numero de aneis encontrados: 2118
Encontrou semi_paralelos, Tempo: 25287ms

Numero de casamentos: 1587
Numero de aneis: 2118
Encontrou linear, Tempo: 15011ms

Encontrando Juncoes 
Encontrando super e sob
Encontrando os casamentos
Encontrando as combinacoes destes casamentos: 1587
Pares de vertices encontrados: 10220
Encontrando os caminhos com 6 threads
Encontrando os aneis com 20 threads
Utilizando todas as threads de uma vez
Inicializando thread 1
Inicializando thread 2
Inicializando thread 3
Inicializando thread 4
Inicializando thread 5
Inicializando thread 6
Inicializando thread 7
Inicializando thread 8
Inicializando thread 9
Inicializando thread 10
Inicializando thread 11
Inicializando thread 12
Inicializando thread 13
Inicializando thread 14
Inicializando thread 15
Inicializando thread 16
Inicializando thread 17
Inicializando thread 18
Inicializando thread 19
Inicializando thread 20
Terminou de encontrar aneis com Terminou de encontrar aneis com Terminou de encontrar aneis com Terminou de encontrar aneis com Terminou de encontrar aneis com 3 cores
1 cores
2 cores
4 cores
6 cores
Terminou de encontrar aneis com 9 cores
Terminou de encontrar aneis com 12 cores
Terminou de encontrar aneis com Terminou de encontrar aneis com 13 cores
Terminou de encontrar aneis com 19 cores
16 cores
Terminou de encontrar aneis com 11 cores
Terminou de encontrar aneis com 20 cores
Terminou de encontrar aneis com 7 cores
Terminou de encontrar aneis com 15 cores
Terminou de encontrar aneis com 10 cores
Terminou de encontrar aneis com 5 cores
Terminou de encontrar aneis com 14 cores
Terminou de encontrar aneis com 17 cores
Terminou de encontrar aneis com 8 cores
Terminou de encontrar aneis com 18 cores
Numero de aneis encontrados: 2116
Encontrou paralelos, Tempo: 160431ms

Terminou!
Time difference = 200[s]
