./a.out ap.txt 3 1 6
Inicio
Encontrando Juncoes 
Encontrando super e sob
Encontrando os casamentos
Encontrando as combinacoes destes casamentos: 290
make: *** [makefile:68: all_3] Terminado
./a.out ap.txt 3 1 6
Inicio
Encontrando Juncoes 
Encontrando super e sob
Encontrando os casamentos
Encontrando as combinacoes destes casamentos: 290
Pares de vertices encontrados: 2288
Encontrando os caminhos com 6 threads
Encontrando os aneis com 6 threads
Utilizando todas as threads de uma vez
Inicializando thread 1
Inicializando thread 2
Inicializando thread 3
Inicializando thread 4
Inicializando thread 5
Inicializando thread 6
Terminou de encontrar aneis com 1 cores
Terminou de encontrar aneis com 3 cores
Terminou de encontrar aneis com 2 cores
Terminou de encontrar aneis com 4 cores
Terminou de encontrar aneis com 5 cores
Terminou de encontrar aneis com 6 cores
Numero de aneis encontrados: 30936
Encontrou paralelos, Tempo: 1129111ms

Terminou!
Time difference = 1129[s]
./a.out ap.txt 3 2
Inicio
Encontrando Juncoes 
Encontrando super e sob
Encontrando os casamentos
Encontrando as combinacoes destes casamentos: 290
Pares de vertices encontrados: 2288
Encontrando os caminhos com 7 threads
Encontrando os aneis com 1 thread(36)
 tempo_encontra_anel_aux 194.676
 tempo_encontra_anel 26.1571
 tempo_verifica_anel 0.474589
 tempo_procura_caminhos 3.27412
 tempo_copia_caminhos 43.2053
 tempo_sao_disjuntos 48.1907
Numero de aneis encontrados: 31028
Encontrou semi_paralelos, Tempo: 320003ms

Terminou!
Time difference = 320[s]
./a.out Arara4MaqPar.txt 3 1
Inicio
Casamento entre pais e filhos: 102 e 107
Casamento entre pais e filhos: 106 e 113
Casamento entre pais e filhos: 103 e 106
Encontrando Juncoes 
Encontrando super e sob
Encontrando os casamentos
Encontrando as combinacoes destes casamentos: 104
Pares de vertices encontrados: 1163
Encontrando os caminhos com 4 threads
Encontrando os aneis com 6 threads
Utilizando todas as threads de uma vez
Inicializando thread 1
Inicializando thread 2
Inicializando thread 3
Inicializando thread 4
Inicializando thread 5
Inicializando thread 6
Terminou de encontrar aneis com 1 cores
Terminou de encontrar aneis com 6 cores
Terminou de encontrar aneis com 2 cores
Terminou de encontrar aneis com 5 cores
Terminou de encontrar aneis com 4 cores
Terminou de encontrar aneis com 3 cores
Numero de aneis encontrados: 20449063
Encontrou paralelos, Tempo: 634048ms

Terminou!
Time difference = 634[s]
./a.out Arara4MaqPar.txt 3 2
make: *** [makefile:71: all_3] Falha de segmentação (arquivo core criado)
./a.out Arara4MaqPar.txt 3 2
Inicio
Casamento entre pais e filhos: 102 e 107
Casamento entre pais e filhos: 106 e 113
Casamento entre pais e filhos: 103 e 106
Encontrando Juncoes 
Encontrando super e sob
Encontrando os casamentos
Encontrando as combinacoes destes casamentos: 104
Pares de vertices encontrados: 1163
Encontrando os caminhos com 4 threads
Encontrando os aneis com 1 thread(6)
 tempo_encontra_anel_aux 18.5184
 tempo_encontra_anel 728.285
 tempo_verifica_anel 337.249
 tempo_procura_caminhos 0.077299
 tempo_copia_caminhos 2.68707
 tempo_sao_disjuntos 84.4929
Numero de aneis encontrados: 20450507
Encontrou semi_paralelos, Tempo: 754933ms

Terminou!
Time difference = 754[s]
./a.out EN4MaqPar.txt 3 1 6
Inicio
Encontrando Juncoes 
Encontrando super e sob
Encontrando os casamentos
Encontrando as combinacoes destes casamentos: 170
Pares de vertices encontrados: 2442
Encontrando os caminhos com 6 threads
Encontrando os aneis com 6 threads
Utilizando todas as threads de uma vez
Inicializando thread 1
Inicializando thread 2
Inicializando thread 3
Inicializando thread 4
Inicializando thread 5
Inicializando thread 6
Terminou de encontrar aneis com 1 cores
Terminou de encontrar aneis com 2 cores
Terminou de encontrar aneis com 3 cores
Terminou de encontrar aneis com 4 cores
Terminou de encontrar aneis com 5 cores
Terminou de encontrar aneis com 6 cores
Numero de aneis encontrados: 144386
Encontrou paralelos, Tempo: 73713ms

Terminou!
Time difference = 73[s]
./a.out EN4MaqPar.txt 3 2
Inicio
Encontrando Juncoes 
Encontrando super e sob
Encontrando os casamentos
Encontrando as combinacoes destes casamentos: 170
Pares de vertices encontrados: 2442
Encontrando os caminhos com 6 threads
Encontrando os aneis com 1 thread(30)
 tempo_encontra_anel_aux 41.4309
 tempo_encontra_anel 9.39628
 tempo_verifica_anel 2.10613
 tempo_procura_caminhos 0.819029
 tempo_copia_caminhos 8.93843
 tempo_sao_disjuntos 11.7038
Numero de aneis encontrados: 143457
Encontrou semi_paralelos, Tempo: 72162ms

Terminou!
Time difference = 72[s]
./a.out im.txt 3 1 6
Inicio
Encontrando Juncoes 
Encontrando super e sob
Encontrando os casamentos
Encontrando as combinacoes destes casamentos: 177
Pares de vertices encontrados: 2030
Encontrando os caminhos com 6 threads
Encontrando os aneis com 6 threads
Utilizando todas as threads de uma vez
Inicializando thread 1
Inicializando thread 2
Inicializando thread 3
Inicializando thread 4
Inicializando thread 5
Inicializando thread 6
Terminou de encontrar aneis com 2 cores
Terminou de encontrar aneis com 3 cores
Terminou de encontrar aneis com 4 cores
Terminou de encontrar aneis com 1 cores
Terminou de encontrar aneis com 5 cores
Terminou de encontrar aneis com 6 cores
Numero de aneis encontrados: 292060
Encontrou paralelos, Tempo: 96366ms

Terminou!
Time difference = 96[s]
./a.out im.txt 3 2
Inicio
Encontrando Juncoes 
Encontrando super e sob
Encontrando os casamentos
Encontrando as combinacoes destes casamentos: 177
Pares de vertices encontrados: 2030
Encontrando os caminhos com 6 threads
Encontrando os aneis com 1 thread(30)
 tempo_encontra_anel_aux 48.9852
 tempo_encontra_anel 18.4572
 tempo_verifica_anel 4.99799
 tempo_procura_caminhos 0.56604
 tempo_copia_caminhos 10.2015
 tempo_sao_disjuntos 15.7828
Numero de aneis encontrados: 293374
Encontrou semi_paralelos, Tempo: 91902ms

Terminou!
Time difference = 91[s]
./a.out xv.txt 3 1 6
Inicio
Encontrando Juncoes 
Encontrando super e sob
Encontrando os casamentos
Encontrando as combinacoes destes casamentos: 254
Pares de vertices encontrados: 2809
Encontrando os caminhos com 5 threads
Encontrando os aneis com 6 threads
Utilizando todas as threads de uma vez
Inicializando thread 1
Inicializando thread 2
Inicializando thread 3
Inicializando thread 4
Inicializando thread 5
Inicializando thread 6
Terminou de encontrar aneis com 1 cores
Terminou de encontrar aneis com 2 cores
Terminou de encontrar aneis com 3 cores
Terminou de encontrar aneis com 4 cores
Terminou de encontrar aneis com 5 cores
Terminou de encontrar aneis com 6 cores
Numero de aneis encontrados: 554344
Encontrou paralelos, Tempo: 273243ms

Terminou!
Time difference = 273[s]
./a.out xv.txt 3 2
Inicio
Encontrando Juncoes 
Encontrando super e sob
Encontrando os casamentos
Encontrando as combinacoes destes casamentos: 254
Pares de vertices encontrados: 2809
Encontrando os caminhos com 4 threads
Encontrando os aneis com 1 thread(18)
 tempo_encontra_anel_aux 140.499
 tempo_encontra_anel 30.9541
 tempo_verifica_anel 6.83512
 tempo_procura_caminhos 0.336115
 tempo_copia_caminhos 30.1341
 tempo_sao_disjuntos 40.701
Numero de aneis encontrados: 477949
Encontrou semi_paralelos, Tempo: 242548ms

Terminou!
Time difference = 242[s]
./a.out zo.txt 3 1 6
Inicio
Encontrando Juncoes 
Encontrando super e sob
Encontrando os casamentos
Encontrando as combinacoes destes casamentos: 201
Pares de vertices encontrados: 2026
Encontrando os caminhos com 6 threads
Encontrando os aneis com 6 threads
Utilizando todas as threads de uma vez
Inicializando thread 1
Inicializando thread 2
Inicializando thread 3
Inicializando thread 4
Inicializando thread 5
Inicializando thread 6
Terminou de encontrar aneis com 2 cores
Terminou de encontrar aneis com 1 cores
Terminou de encontrar aneis com 3 cores
Terminou de encontrar aneis com 4 cores
Terminou de encontrar aneis com 5 cores
Terminou de encontrar aneis com 6 cores
Numero de aneis encontrados: 146752
Encontrou paralelos, Tempo: 123437ms

Terminou!
Time difference = 123[s]
./a.out zo.txt 3 2
Inicio
Encontrando Juncoes 
Encontrando super e sob
Encontrando os casamentos
Encontrando as combinacoes destes casamentos: 201
Pares de vertices encontrados: 2026
Encontrando os caminhos com 7 threads
Encontrando os aneis com 1 thread(36)
 tempo_encontra_anel_aux 68.5266
 tempo_encontra_anel 14.0502
 tempo_verifica_anel 2.3216
 tempo_procura_caminhos 1.26799
 tempo_copia_caminhos 14.6783
 tempo_sao_disjuntos 19.5079
Numero de aneis encontrados: 146758
Encontrou semi_paralelos, Tempo: 117237ms

Terminou!
Time difference = 117[s]
./a.out deni.txt 3 1 6
Inicio
Encontrando Juncoes 
Encontrando super e sob
Encontrando os casamentos
Encontrando as combinacoes destes casamentos: 333
Pares de vertices encontrados: 5375
Encontrando os caminhos com 6 threads
Encontrando os aneis com 6 threads
Utilizando todas as threads de uma vez
Inicializando thread 1
Inicializando thread 2
Inicializando thread 3
Inicializando thread 4
Inicializando thread 5
Inicializando thread 6
Terminou de encontrar aneis com 1 cores
Terminou de encontrar aneis com 2 cores
Terminou de encontrar aneis com 3 cores
Terminou de encontrar aneis com 4 cores
Terminou de encontrar aneis com 5 cores
Terminou de encontrar aneis com 6 cores
Numero de aneis encontrados: 116993193
Encontrou paralelos, Tempo: 15171590ms

Terminou!
Time difference = 15171[s]
./a.out deni.txt 3 2
Inicio
Encontrando Juncoes 
Encontrando super e sob
Encontrando os casamentos
Encontrando as combinacoes destes casamentos: 333
Pares de vertices encontrados: 5375
Encontrando os caminhos com 7 threads
Encontrando os aneis com 1 thread(28)
 tempo_encontra_anel_aux 503.803
 tempo_encontra_anel 5358.79
 tempo_verifica_anel 2394.03
 tempo_procura_caminhos 2.17324
 tempo_copia_caminhos 79.1052
 tempo_sao_disjuntos 840.118
Numero de aneis encontrados: 120334564
Encontrou semi_paralelos, Tempo: 6088788ms

Terminou!
Time difference = 6088[s]
./a.out chacobo_fem.txt 3 1 6
Inicio
Encontrando Juncoes 
Encontrando super e sob
Encontrando os casamentos
Encontrando as combinacoes destes casamentos: 395
Pares de vertices encontrados: 8554
Encontrando os caminhos com 6 threads
Encontrando os aneis com 6 threads
Utilizando todas as threads de uma vez
Inicializando thread 1
Inicializando thread 2
Inicializando thread 3
Inicializando thread 4
Inicializando thread 5
Inicializando thread 6
make: [makefile:79: all_3] Morto (ignorado)
./a.out chacobo_fem.txt 3 2
Inicio
Encontrando Juncoes 
Encontrando super e sob
Encontrando os casamentos
Encontrando as combinacoes destes casamentos: 395
Pares de vertices encontrados: 8554
Encontrando os caminhos com 8 threads
Encontrando os aneis com 1 thread(42)
make: [makefile:80: all_3] Terminado (ignorado)
